Analysis & Synthesis report for multiplexador
Thu Jun 07 09:34:14 2018
Quartus II Version 9.0 Build 235 06/17/2009 Service Pack 2 SJ Web Edition


---------------------
; Table of Contents ;
---------------------
  1. Legal Notice
  2. Analysis & Synthesis Summary
  3. Analysis & Synthesis Settings
  4. Analysis & Synthesis Source Files Read
  5. Analysis & Synthesis Resource Usage Summary
  6. Analysis & Synthesis Resource Utilization by Entity
  7. Analysis & Synthesis RAM Summary
  8. General Register Statistics
  9. Source assignments for counter:inst5|lpm_counter:lpm_counter_component
 10. Source assignments for debounce:inst6|lpm_add_sub:Add0|addcore:adder
 11. Parameter Settings for User Entity Instance: multiplex:inst2|lpm_mux:lpm_mux_component
 12. Parameter Settings for User Entity Instance: TruthTable:inst|lpm_rom:lpm_rom_component
 13. Parameter Settings for User Entity Instance: counter:inst5|lpm_counter:lpm_counter_component
 14. Parameter Settings for User Entity Instance: debounce:inst6
 15. Parameter Settings for Inferred Entity Instance: debounce:inst6|lpm_add_sub:Add0
 16. Analysis & Synthesis Messages



----------------
; Legal Notice ;
----------------
Copyright (C) 1991-2009 Altera Corporation
Your use of Altera Corporation's design tools, logic functions 
and other software and tools, and its AMPP partner logic 
functions, and any output files from any of the foregoing 
(including device programming or simulation files), and any 
associated documentation or information are expressly subject 
to the terms and conditions of the Altera Program License 
Subscription Agreement, Altera MegaCore Function License 
Agreement, or other applicable license agreement, including, 
without limitation, that your use is for the sole purpose of 
programming logic devices manufactured by Altera and sold by 
Altera or its authorized distributors.  Please refer to the 
applicable agreement for further details.



+----------------------------------------------------------------------------+
; Analysis & Synthesis Summary                                               ;
+-----------------------------+----------------------------------------------+
; Analysis & Synthesis Status ; Successful - Thu Jun 07 09:34:14 2018        ;
; Quartus II Version          ; 9.0 Build 235 06/17/2009 SP 2 SJ Web Edition ;
; Revision Name               ; multiplexador                                ;
; Top-level Entity Name       ; multiplexador                                ;
; Family                      ; FLEX10K                                      ;
; Total logic elements        ; 81                                           ;
; Total pins                  ; 22                                           ;
; Total memory bits           ; 512                                          ;
+-----------------------------+----------------------------------------------+


+------------------------------------------------------------------------------------------------+
; Analysis & Synthesis Settings                                                                  ;
+--------------------------------------------------------------+-----------------+---------------+
; Option                                                       ; Setting         ; Default Value ;
+--------------------------------------------------------------+-----------------+---------------+
; Device                                                       ; EPF10K20RC240-4 ;               ;
; Top-level entity name                                        ; multiplexador   ; multiplexador ;
; Family name                                                  ; FLEX10K         ; Stratix II    ;
; Optimization Technique                                       ; Speed           ; Area          ;
; Use Generated Physical Constraints File                      ; Off             ;               ;
; Use smart compilation                                        ; Off             ; Off           ;
; Create Debugging Nodes for IP Cores                          ; Off             ; Off           ;
; Preserve fewer node names                                    ; On              ; On            ;
; Disable OpenCore Plus hardware evaluation                    ; Off             ; Off           ;
; Verilog Version                                              ; Verilog_2001    ; Verilog_2001  ;
; VHDL Version                                                 ; VHDL93          ; VHDL93        ;
; State Machine Processing                                     ; Auto            ; Auto          ;
; Safe State Machine                                           ; Off             ; Off           ;
; Extract Verilog State Machines                               ; On              ; On            ;
; Extract VHDL State Machines                                  ; On              ; On            ;
; Ignore Verilog initial constructs                            ; Off             ; Off           ;
; Iteration limit for constant Verilog loops                   ; 5000            ; 5000          ;
; Iteration limit for non-constant Verilog loops               ; 250             ; 250           ;
; Add Pass-Through Logic to Inferred RAMs                      ; On              ; On            ;
; Parallel Synthesis                                           ; Off             ; Off           ;
; NOT Gate Push-Back                                           ; On              ; On            ;
; Power-Up Don't Care                                          ; On              ; On            ;
; Remove Redundant Logic Cells                                 ; Off             ; Off           ;
; Remove Duplicate Registers                                   ; On              ; On            ;
; Ignore CARRY Buffers                                         ; Off             ; Off           ;
; Ignore CASCADE Buffers                                       ; Off             ; Off           ;
; Ignore GLOBAL Buffers                                        ; Off             ; Off           ;
; Ignore ROW GLOBAL Buffers                                    ; Off             ; Off           ;
; Ignore LCELL Buffers                                         ; Off             ; Off           ;
; Ignore SOFT Buffers                                          ; On              ; On            ;
; Limit AHDL Integers to 32 Bits                               ; Off             ; Off           ;
; Auto Implement in ROM                                        ; Off             ; Off           ;
; Carry Chain Length                                           ; 32              ; 32            ;
; Cascade Chain Length                                         ; 2               ; 2             ;
; Auto Carry Chains                                            ; On              ; On            ;
; Auto Open-Drain Pins                                         ; On              ; On            ;
; Auto ROM Replacement                                         ; On              ; On            ;
; Auto RAM Replacement                                         ; On              ; On            ;
; Auto Clock Enable Replacement                                ; On              ; On            ;
; Strict RAM Replacement                                       ; Off             ; Off           ;
; Auto Resource Sharing                                        ; Off             ; Off           ;
; Allow Any RAM Size For Recognition                           ; Off             ; Off           ;
; Allow Any ROM Size For Recognition                           ; Off             ; Off           ;
; Use LogicLock Constraints during Resource Balancing          ; On              ; On            ;
; Ignore translate_off and synthesis_off directives            ; Off             ; Off           ;
; Show Parameter Settings Tables in Synthesis Report           ; On              ; On            ;
; HDL message level                                            ; Level2          ; Level2        ;
; Suppress Register Optimization Related Messages              ; Off             ; Off           ;
; Number of Removed Registers Reported in Synthesis Report     ; 100             ; 100           ;
; Number of Inverted Registers Reported in Synthesis Report    ; 100             ; 100           ;
; Block Design Naming                                          ; Auto            ; Auto          ;
; Synthesis Effort                                             ; Auto            ; Auto          ;
; Shift Register Replacement - Allow Asynchronous Clear Signal ; On              ; On            ;
; Analysis & Synthesis Message Level                           ; Medium          ; Medium        ;
+--------------------------------------------------------------+-----------------+---------------+


+-------------------------------------------------------------------------------------------------------------------------------------------------------------------+
; Analysis & Synthesis Source Files Read                                                                                                                            ;
+----------------------------------+-----------------+------------------------------------+-------------------------------------------------------------------------+
; File Name with User-Entered Path ; Used in Netlist ; File Type                          ; File Name with Absolute Path                                            ;
+----------------------------------+-----------------+------------------------------------+-------------------------------------------------------------------------+
; debounce.vhd                     ; yes             ; User VHDL File                     ; F:/Git/gcc113-digitais/multiplexador/debounce.vhd                       ;
; TruthTable.mif                   ; yes             ; User Memory Initialization File    ; F:/Git/gcc113-digitais/multiplexador/TruthTable.mif                     ;
; multiplexador.bdf                ; yes             ; User Block Diagram/Schematic File  ; F:/Git/gcc113-digitais/multiplexador/multiplexador.bdf                  ;
; multiplex.tdf                    ; yes             ; Auto-Found Wizard-Generated File   ; F:/Git/gcc113-digitais/multiplexador/multiplex.tdf                      ;
; lpm_mux.inc                      ; yes             ; Megafunction                       ; c:/altera/90sp2/quartus/libraries/megafunctions/lpm_mux.inc             ;
; lpm_mux.tdf                      ; yes             ; Megafunction                       ; c:/altera/90sp2/quartus/libraries/megafunctions/lpm_mux.tdf             ;
; aglobal90.inc                    ; yes             ; Megafunction                       ; c:/altera/90sp2/quartus/libraries/megafunctions/aglobal90.inc           ;
; muxlut.inc                       ; yes             ; Megafunction                       ; c:/altera/90sp2/quartus/libraries/megafunctions/muxlut.inc              ;
; bypassff.inc                     ; yes             ; Megafunction                       ; c:/altera/90sp2/quartus/libraries/megafunctions/bypassff.inc            ;
; altshift.inc                     ; yes             ; Megafunction                       ; c:/altera/90sp2/quartus/libraries/megafunctions/altshift.inc            ;
; bypassff.tdf                     ; yes             ; Megafunction                       ; c:/altera/90sp2/quartus/libraries/megafunctions/bypassff.tdf            ;
; altshift.tdf                     ; yes             ; Megafunction                       ; c:/altera/90sp2/quartus/libraries/megafunctions/altshift.tdf            ;
; muxlut.tdf                       ; yes             ; Megafunction                       ; c:/altera/90sp2/quartus/libraries/megafunctions/muxlut.tdf              ;
; TruthTable.tdf                   ; yes             ; Auto-Found Wizard-Generated File   ; F:/Git/gcc113-digitais/multiplexador/TruthTable.tdf                     ;
; lpm_rom.inc                      ; yes             ; Auto-Found AHDL File               ; c:/altera/90sp2/quartus/libraries/megafunctions/lpm_rom.inc             ;
; lpm_rom.tdf                      ; yes             ; Megafunction                       ; c:/altera/90sp2/quartus/libraries/megafunctions/lpm_rom.tdf             ;
; altrom.inc                       ; yes             ; Megafunction                       ; c:/altera/90sp2/quartus/libraries/megafunctions/altrom.inc              ;
; altrom.tdf                       ; yes             ; Megafunction                       ; c:/altera/90sp2/quartus/libraries/megafunctions/altrom.tdf              ;
; memmodes.inc                     ; yes             ; Megafunction                       ; c:/altera/90sp2/quartus/libraries/others/maxplus2/memmodes.inc          ;
; lpm_decode.inc                   ; yes             ; Megafunction                       ; c:/altera/90sp2/quartus/libraries/megafunctions/lpm_decode.inc          ;
; altqpram.inc                     ; yes             ; Megafunction                       ; c:/altera/90sp2/quartus/libraries/megafunctions/altqpram.inc            ;
; altsyncram.inc                   ; yes             ; Megafunction                       ; c:/altera/90sp2/quartus/libraries/megafunctions/altsyncram.inc          ;
; counter.tdf                      ; yes             ; Auto-Found Wizard-Generated File   ; F:/Git/gcc113-digitais/multiplexador/counter.tdf                        ;
; lpm_counter.inc                  ; yes             ; Megafunction                       ; c:/altera/90sp2/quartus/libraries/megafunctions/lpm_counter.inc         ;
; lpm_counter.tdf                  ; yes             ; Megafunction                       ; c:/altera/90sp2/quartus/libraries/megafunctions/lpm_counter.tdf         ;
; lpm_constant.inc                 ; yes             ; Megafunction                       ; c:/altera/90sp2/quartus/libraries/megafunctions/lpm_constant.inc        ;
; lpm_add_sub.inc                  ; yes             ; Megafunction                       ; c:/altera/90sp2/quartus/libraries/megafunctions/lpm_add_sub.inc         ;
; cmpconst.inc                     ; yes             ; Megafunction                       ; c:/altera/90sp2/quartus/libraries/megafunctions/cmpconst.inc            ;
; lpm_compare.inc                  ; yes             ; Megafunction                       ; c:/altera/90sp2/quartus/libraries/megafunctions/lpm_compare.inc         ;
; dffeea.inc                       ; yes             ; Megafunction                       ; c:/altera/90sp2/quartus/libraries/megafunctions/dffeea.inc              ;
; alt_synch_counter.inc            ; yes             ; Megafunction                       ; c:/altera/90sp2/quartus/libraries/megafunctions/alt_synch_counter.inc   ;
; alt_synch_counter_f.inc          ; yes             ; Megafunction                       ; c:/altera/90sp2/quartus/libraries/megafunctions/alt_synch_counter_f.inc ;
; alt_counter_f10ke.inc            ; yes             ; Megafunction                       ; c:/altera/90sp2/quartus/libraries/megafunctions/alt_counter_f10ke.inc   ;
; alt_counter_stratix.inc          ; yes             ; Megafunction                       ; c:/altera/90sp2/quartus/libraries/megafunctions/alt_counter_stratix.inc ;
; alt_counter_f10ke.tdf            ; yes             ; Megafunction                       ; c:/altera/90sp2/quartus/libraries/megafunctions/alt_counter_f10ke.tdf   ;
; flex10ke_lcell.inc               ; yes             ; Megafunction                       ; c:/altera/90sp2/quartus/libraries/megafunctions/flex10ke_lcell.inc      ;
; decodificador.vhd                ; yes             ; Auto-Found VHDL File               ; F:/Git/gcc113-digitais/multiplexador/decodificador.vhd                  ;
; lpm_add_sub.tdf                  ; yes             ; Megafunction                       ; c:/altera/90sp2/quartus/libraries/megafunctions/lpm_add_sub.tdf         ;
; addcore.inc                      ; yes             ; Megafunction                       ; c:/altera/90sp2/quartus/libraries/megafunctions/addcore.inc             ;
; look_add.inc                     ; yes             ; Megafunction                       ; c:/altera/90sp2/quartus/libraries/megafunctions/look_add.inc            ;
; alt_stratix_add_sub.inc          ; yes             ; Megafunction                       ; c:/altera/90sp2/quartus/libraries/megafunctions/alt_stratix_add_sub.inc ;
; alt_mercury_add_sub.inc          ; yes             ; Megafunction                       ; c:/altera/90sp2/quartus/libraries/megafunctions/alt_mercury_add_sub.inc ;
; addcore.tdf                      ; yes             ; Megafunction                       ; c:/altera/90sp2/quartus/libraries/megafunctions/addcore.tdf             ;
; a_csnbuffer.inc                  ; yes             ; Megafunction                       ; c:/altera/90sp2/quartus/libraries/megafunctions/a_csnbuffer.inc         ;
; a_csnbuffer.tdf                  ; yes             ; Megafunction                       ; c:/altera/90sp2/quartus/libraries/megafunctions/a_csnbuffer.tdf         ;
+----------------------------------+-----------------+------------------------------------+-------------------------------------------------------------------------+


+-------------------------------------------------------------------------------------------------------------------------+
; Analysis & Synthesis Resource Usage Summary                                                                             ;
+-----------------------------------+-------------------------------------------------------------------------------------+
; Resource                          ; Usage                                                                               ;
+-----------------------------------+-------------------------------------------------------------------------------------+
; Total logic elements              ; 81                                                                                  ;
; Total combinational functions     ; 79                                                                                  ;
;     -- Total 4-input functions    ; 43                                                                                  ;
;     -- Total 3-input functions    ; 7                                                                                   ;
;     -- Total 2-input functions    ; 3                                                                                   ;
;     -- Total 1-input functions    ; 21                                                                                  ;
;     -- Total 0-input functions    ; 5                                                                                   ;
; Total registers                   ; 28                                                                                  ;
; Total logic cells in carry chains ; 25                                                                                  ;
; I/O pins                          ; 22                                                                                  ;
; Total memory bits                 ; 512                                                                                 ;
; Maximum fan-out node              ; counter:inst5|lpm_counter:lpm_counter_component|alt_counter_f10ke:wysi_counter|q[2] ;
; Maximum fan-out                   ; 32                                                                                  ;
; Total fan-out                     ; 379                                                                                 ;
; Average fan-out                   ; 3.18                                                                                ;
+-----------------------------------+-------------------------------------------------------------------------------------+


+-------------------------------------------------------------------------------------------------------------------------------------------------------------------------------------------------------------------------------------------------------------------------------------------------+
; Analysis & Synthesis Resource Utilization by Entity                                                                                                                                                                                                                                             ;
+-------------------------------------------+-------------+--------------+-------------+------+--------------+-------------------+------------------+-----------------+------------+-----------------------------------------------------------------------------------------------+--------------+
; Compilation Hierarchy Node                ; Logic Cells ; LC Registers ; Memory Bits ; Pins ; LUT-Only LCs ; Register-Only LCs ; LUT/Register LCs ; Carry Chain LCs ; Packed LCs ; Full Hierarchy Name                                                                           ; Library Name ;
+-------------------------------------------+-------------+--------------+-------------+------+--------------+-------------------+------------------+-----------------+------------+-----------------------------------------------------------------------------------------------+--------------+
; |multiplexador                            ; 81 (0)      ; 28           ; 512         ; 22   ; 53 (0)       ; 2 (0)             ; 26 (0)           ; 25 (0)          ; 0 (0)      ; |multiplexador                                                                                ; work         ;
;    |TruthTable:inst|                      ; 0 (0)       ; 0            ; 512         ; 0    ; 0 (0)        ; 0 (0)             ; 0 (0)            ; 0 (0)           ; 0 (0)      ; |multiplexador|TruthTable:inst                                                                ; work         ;
;       |lpm_rom:lpm_rom_component|         ; 0 (0)       ; 0            ; 512         ; 0    ; 0 (0)        ; 0 (0)             ; 0 (0)            ; 0 (0)           ; 0 (0)      ; |multiplexador|TruthTable:inst|lpm_rom:lpm_rom_component                                      ; work         ;
;          |altrom:srom|                    ; 0 (0)       ; 0            ; 512         ; 0    ; 0 (0)        ; 0 (0)             ; 0 (0)            ; 0 (0)           ; 0 (0)      ; |multiplexador|TruthTable:inst|lpm_rom:lpm_rom_component|altrom:srom                          ; work         ;
;    |counter:inst5|                        ; 5 (0)       ; 5            ; 0           ; 0    ; 0 (0)        ; 0 (0)             ; 5 (0)            ; 5 (0)           ; 0 (0)      ; |multiplexador|counter:inst5                                                                  ; work         ;
;       |lpm_counter:lpm_counter_component| ; 5 (0)       ; 5            ; 0           ; 0    ; 0 (0)        ; 0 (0)             ; 5 (0)            ; 5 (0)           ; 0 (0)      ; |multiplexador|counter:inst5|lpm_counter:lpm_counter_component                                ; work         ;
;          |alt_counter_f10ke:wysi_counter| ; 5 (5)       ; 5            ; 0           ; 0    ; 0 (0)        ; 0 (0)             ; 5 (5)            ; 5 (5)           ; 0 (0)      ; |multiplexador|counter:inst5|lpm_counter:lpm_counter_component|alt_counter_f10ke:wysi_counter ; work         ;
;    |debounce:inst6|                       ; 44 (25)     ; 23           ; 0           ; 0    ; 21 (2)       ; 2 (2)             ; 21 (21)          ; 20 (1)          ; 0 (0)      ; |multiplexador|debounce:inst6                                                                 ; work         ;
;       |lpm_add_sub:Add0|                  ; 19 (0)      ; 0            ; 0           ; 0    ; 19 (0)       ; 0 (0)             ; 0 (0)            ; 19 (0)          ; 0 (0)      ; |multiplexador|debounce:inst6|lpm_add_sub:Add0                                                ; work         ;
;          |addcore:adder|                  ; 19 (1)      ; 0            ; 0           ; 0    ; 19 (1)       ; 0 (0)             ; 0 (0)            ; 19 (1)          ; 0 (0)      ; |multiplexador|debounce:inst6|lpm_add_sub:Add0|addcore:adder                                  ; work         ;
;             |a_csnbuffer:result_node|     ; 18 (18)     ; 0            ; 0           ; 0    ; 18 (18)      ; 0 (0)             ; 0 (0)            ; 18 (18)         ; 0 (0)      ; |multiplexador|debounce:inst6|lpm_add_sub:Add0|addcore:adder|a_csnbuffer:result_node          ; work         ;
;    |decodificador:inst7|                  ; 22 (22)     ; 0            ; 0           ; 0    ; 22 (22)      ; 0 (0)             ; 0 (0)            ; 0 (0)           ; 0 (0)      ; |multiplexador|decodificador:inst7                                                            ; work         ;
;    |multiplex:inst2|                      ; 10 (0)      ; 0            ; 0           ; 0    ; 10 (0)       ; 0 (0)             ; 0 (0)            ; 0 (0)           ; 0 (0)      ; |multiplexador|multiplex:inst2                                                                ; work         ;
;       |lpm_mux:lpm_mux_component|         ; 10 (0)      ; 0            ; 0           ; 0    ; 10 (0)       ; 0 (0)             ; 0 (0)            ; 0 (0)           ; 0 (0)      ; |multiplexador|multiplex:inst2|lpm_mux:lpm_mux_component                                      ; work         ;
;          |muxlut:$00010|                  ; 10 (0)      ; 0            ; 0           ; 0    ; 10 (0)       ; 0 (0)             ; 0 (0)            ; 0 (0)           ; 0 (0)      ; |multiplexador|multiplex:inst2|lpm_mux:lpm_mux_component|muxlut:$00010                        ; work         ;
;             |muxlut:$00012|               ; 2 (2)       ; 0            ; 0           ; 0    ; 2 (2)        ; 0 (0)             ; 0 (0)            ; 0 (0)           ; 0 (0)      ; |multiplexador|multiplex:inst2|lpm_mux:lpm_mux_component|muxlut:$00010|muxlut:$00012          ; work         ;
;             |muxlut:$00014|               ; 2 (2)       ; 0            ; 0           ; 0    ; 2 (2)        ; 0 (0)             ; 0 (0)            ; 0 (0)           ; 0 (0)      ; |multiplexador|multiplex:inst2|lpm_mux:lpm_mux_component|muxlut:$00010|muxlut:$00014          ; work         ;
;             |muxlut:$00016|               ; 2 (2)       ; 0            ; 0           ; 0    ; 2 (2)        ; 0 (0)             ; 0 (0)            ; 0 (0)           ; 0 (0)      ; |multiplexador|multiplex:inst2|lpm_mux:lpm_mux_component|muxlut:$00010|muxlut:$00016          ; work         ;
;             |muxlut:$00018|               ; 2 (2)       ; 0            ; 0           ; 0    ; 2 (2)        ; 0 (0)             ; 0 (0)            ; 0 (0)           ; 0 (0)      ; |multiplexador|multiplex:inst2|lpm_mux:lpm_mux_component|muxlut:$00010|muxlut:$00018          ; work         ;
;             |muxlut:$00020|               ; 2 (2)       ; 0            ; 0           ; 0    ; 2 (2)        ; 0 (0)             ; 0 (0)            ; 0 (0)           ; 0 (0)      ; |multiplexador|multiplex:inst2|lpm_mux:lpm_mux_component|muxlut:$00010|muxlut:$00020          ; work         ;
+-------------------------------------------+-------------+--------------+-------------+------+--------------+-------------------+------------------+-----------------+------------+-----------------------------------------------------------------------------------------------+--------------+
Note: For table entries with two numbers listed, the numbers in parentheses indicate the number of resources of the given type used by the specific entity alone. The numbers listed outside of parentheses indicate the total resources of the given type used by the specific entity and all of its sub-entities in the hierarchy.


+----------------------------------------------------------------------------------------------------------------------------------------------------------+
; Analysis & Synthesis RAM Summary                                                                                                                         ;
+---------------------------------------------------------------+------+--------------+--------------+--------------+--------------+------+----------------+
; Name                                                          ; Mode ; Port A Depth ; Port A Width ; Port B Depth ; Port B Width ; Size ; MIF            ;
+---------------------------------------------------------------+------+--------------+--------------+--------------+--------------+------+----------------+
; TruthTable:inst|lpm_rom:lpm_rom_component|altrom:srom|content ; ROM  ; 32           ; 16           ; --           ; --           ; 512  ; TruthTable.mif ;
+---------------------------------------------------------------+------+--------------+--------------+--------------+--------------+------+----------------+


+------------------------------------------------------+
; General Register Statistics                          ;
+----------------------------------------------+-------+
; Statistic                                    ; Value ;
+----------------------------------------------+-------+
; Total registers                              ; 28    ;
; Number of registers using Synchronous Clear  ; 1     ;
; Number of registers using Synchronous Load   ; 0     ;
; Number of registers using Asynchronous Clear ; 5     ;
; Number of registers using Asynchronous Load  ; 0     ;
; Number of registers using Clock Enable       ; 1     ;
; Number of registers using Preset             ; 0     ;
+----------------------------------------------+-------+


+------------------------------------------------------------------------+
; Source assignments for counter:inst5|lpm_counter:lpm_counter_component ;
+---------------------------+-------+------+-----------------------------+
; Assignment                ; Value ; From ; To                          ;
+---------------------------+-------+------+-----------------------------+
; SUPPRESS_DA_RULE_INTERNAL ; a101  ; -    ; -                           ;
; SUPPRESS_DA_RULE_INTERNAL ; s102  ; -    ; -                           ;
; SUPPRESS_DA_RULE_INTERNAL ; s103  ; -    ; -                           ;
+---------------------------+-------+------+-----------------------------+


+----------------------------------------------------------------------+
; Source assignments for debounce:inst6|lpm_add_sub:Add0|addcore:adder ;
+---------------------------+-------+------+---------------------------+
; Assignment                ; Value ; From ; To                        ;
+---------------------------+-------+------+---------------------------+
; SUPPRESS_DA_RULE_INTERNAL ; A103  ; -    ; -                         ;
+---------------------------+-------+------+---------------------------+


+----------------------------------------------------------------------------------------+
; Parameter Settings for User Entity Instance: multiplex:inst2|lpm_mux:lpm_mux_component ;
+------------------------+---------+-----------------------------------------------------+
; Parameter Name         ; Value   ; Type                                                ;
+------------------------+---------+-----------------------------------------------------+
; AUTO_CARRY_CHAINS      ; ON      ; AUTO_CARRY                                          ;
; IGNORE_CARRY_BUFFERS   ; OFF     ; IGNORE_CARRY                                        ;
; AUTO_CASCADE_CHAINS    ; ON      ; AUTO_CASCADE                                        ;
; IGNORE_CASCADE_BUFFERS ; OFF     ; IGNORE_CASCADE                                      ;
; LPM_WIDTH              ; 1       ; Untyped                                             ;
; LPM_SIZE               ; 16      ; Untyped                                             ;
; LPM_WIDTHS             ; 4       ; Untyped                                             ;
; LPM_PIPELINE           ; 0       ; Untyped                                             ;
; CBXI_PARAMETER         ; mux_9dc ; Untyped                                             ;
; DEVICE_FAMILY          ; FLEX10K ; Untyped                                             ;
+------------------------+---------+-----------------------------------------------------+
Note: In order to hide this table in the UI and the text report file, please set the "Show Parameter Settings Tables in Synthesis Report" option in "Analysis and Synthesis Settings -> More Settings" to "Off".


+----------------------------------------------------------------------------------------+
; Parameter Settings for User Entity Instance: TruthTable:inst|lpm_rom:lpm_rom_component ;
+------------------------+----------------+----------------------------------------------+
; Parameter Name         ; Value          ; Type                                         ;
+------------------------+----------------+----------------------------------------------+
; LPM_WIDTH              ; 16             ; Untyped                                      ;
; LPM_WIDTHAD            ; 5              ; Untyped                                      ;
; LPM_NUMWORDS           ; 32             ; Untyped                                      ;
; LPM_ADDRESS_CONTROL    ; UNREGISTERED   ; Untyped                                      ;
; LPM_OUTDATA            ; UNREGISTERED   ; Untyped                                      ;
; LPM_FILE               ; TruthTable.mif ; Untyped                                      ;
; DEVICE_FAMILY          ; FLEX10K        ; Untyped                                      ;
; AUTO_CARRY_CHAINS      ; ON             ; AUTO_CARRY                                   ;
; IGNORE_CARRY_BUFFERS   ; OFF            ; IGNORE_CARRY                                 ;
; AUTO_CASCADE_CHAINS    ; ON             ; AUTO_CASCADE                                 ;
; IGNORE_CASCADE_BUFFERS ; OFF            ; IGNORE_CASCADE                               ;
+------------------------+----------------+----------------------------------------------+
Note: In order to hide this table in the UI and the text report file, please set the "Show Parameter Settings Tables in Synthesis Report" option in "Analysis and Synthesis Settings -> More Settings" to "Off".


+----------------------------------------------------------------------------------------------+
; Parameter Settings for User Entity Instance: counter:inst5|lpm_counter:lpm_counter_component ;
+------------------------+-------------+-------------------------------------------------------+
; Parameter Name         ; Value       ; Type                                                  ;
+------------------------+-------------+-------------------------------------------------------+
; AUTO_CARRY_CHAINS      ; ON          ; AUTO_CARRY                                            ;
; IGNORE_CARRY_BUFFERS   ; OFF         ; IGNORE_CARRY                                          ;
; AUTO_CASCADE_CHAINS    ; ON          ; AUTO_CASCADE                                          ;
; IGNORE_CASCADE_BUFFERS ; OFF         ; IGNORE_CASCADE                                        ;
; LPM_WIDTH              ; 5           ; Untyped                                               ;
; LPM_DIRECTION          ; UP          ; Untyped                                               ;
; LPM_MODULUS            ; 0           ; Untyped                                               ;
; LPM_AVALUE             ; UNUSED      ; Untyped                                               ;
; LPM_SVALUE             ; UNUSED      ; Untyped                                               ;
; LPM_PORT_UPDOWN        ; PORT_UNUSED ; Untyped                                               ;
; DEVICE_FAMILY          ; FLEX10K     ; Untyped                                               ;
; CARRY_CHAIN            ; MANUAL      ; Untyped                                               ;
; CARRY_CHAIN_LENGTH     ; 48          ; CARRY_CHAIN_LENGTH                                    ;
; NOT_GATE_PUSH_BACK     ; ON          ; NOT_GATE_PUSH_BACK                                    ;
; CARRY_CNT_EN           ; SMART       ; Untyped                                               ;
; LABWIDE_SCLR           ; ON          ; Untyped                                               ;
; USE_NEW_VERSION        ; TRUE        ; Untyped                                               ;
; CBXI_PARAMETER         ; NOTHING     ; Untyped                                               ;
+------------------------+-------------+-------------------------------------------------------+
Note: In order to hide this table in the UI and the text report file, please set the "Show Parameter Settings Tables in Synthesis Report" option in "Analysis and Synthesis Settings -> More Settings" to "Off".


+-------------------------------------------------------------+
; Parameter Settings for User Entity Instance: debounce:inst6 ;
+----------------+-------+------------------------------------+
; Parameter Name ; Value ; Type                               ;
+----------------+-------+------------------------------------+
; counter_size   ; 19    ; Signed Integer                     ;
+----------------+-------+------------------------------------+
Note: In order to hide this table in the UI and the text report file, please set the "Show Parameter Settings Tables in Synthesis Report" option in "Analysis and Synthesis Settings -> More Settings" to "Off".


+----------------------------------------------------------------------------------+
; Parameter Settings for Inferred Entity Instance: debounce:inst6|lpm_add_sub:Add0 ;
+------------------------+-------------+-------------------------------------------+
; Parameter Name         ; Value       ; Type                                      ;
+------------------------+-------------+-------------------------------------------+
; LPM_WIDTH              ; 20          ; Untyped                                   ;
; LPM_REPRESENTATION     ; UNSIGNED    ; Untyped                                   ;
; LPM_DIRECTION          ; ADD         ; Untyped                                   ;
; ONE_INPUT_IS_CONSTANT  ; YES         ; Untyped                                   ;
; LPM_PIPELINE           ; 0           ; Untyped                                   ;
; MAXIMIZE_SPEED         ; 5           ; Untyped                                   ;
; REGISTERED_AT_END      ; 0           ; Untyped                                   ;
; OPTIMIZE_FOR_SPEED     ; 9           ; Untyped                                   ;
; USE_CS_BUFFERS         ; 1           ; Untyped                                   ;
; CARRY_CHAIN            ; MANUAL      ; Untyped                                   ;
; CARRY_CHAIN_LENGTH     ; 48          ; CARRY_CHAIN_LENGTH                        ;
; DEVICE_FAMILY          ; FLEX10K     ; Untyped                                   ;
; USE_WYS                ; OFF         ; Untyped                                   ;
; STYLE                  ; FAST        ; Untyped                                   ;
; CBXI_PARAMETER         ; add_sub_poh ; Untyped                                   ;
; AUTO_CARRY_CHAINS      ; ON          ; AUTO_CARRY                                ;
; IGNORE_CARRY_BUFFERS   ; OFF         ; IGNORE_CARRY                              ;
; AUTO_CASCADE_CHAINS    ; ON          ; AUTO_CASCADE                              ;
; IGNORE_CASCADE_BUFFERS ; OFF         ; IGNORE_CASCADE                            ;
+------------------------+-------------+-------------------------------------------+
Note: In order to hide this table in the UI and the text report file, please set the "Show Parameter Settings Tables in Synthesis Report" option in "Analysis and Synthesis Settings -> More Settings" to "Off".


+-------------------------------+
; Analysis & Synthesis Messages ;
+-------------------------------+
Info: *******************************************************************
Info: Running Quartus II Analysis & Synthesis
    Info: Version 9.0 Build 235 06/17/2009 Service Pack 2 SJ Web Edition
    Info: Processing started: Thu Jun 07 09:34:07 2018
Info: Command: quartus_map --read_settings_files=on --write_settings_files=off multiplexador -c multiplexador
Info: Found 2 design units, including 1 entities, in source file debounce.vhd
    Info: Found design unit 1: debounce-logic
    Info: Found entity 1: debounce
Info: Found 1 design units, including 1 entities, in source file multiplexador.bdf
    Info: Found entity 1: multiplexador
Info: Elaborating entity "multiplexador" for the top level hierarchy
Warning: Using design file multiplex.tdf, which is not specified as a design file for the current project, but contains definitions for 1 design units and 1 entities in project
    Info: Found entity 1: multiplex
Info: Elaborating entity "multiplex" for hierarchy "multiplex:inst2"
Info: Elaborating entity "lpm_mux" for hierarchy "multiplex:inst2|lpm_mux:lpm_mux_component"
Info: Elaborated megafunction instantiation "multiplex:inst2|lpm_mux:lpm_mux_component"
Info: Instantiated megafunction "multiplex:inst2|lpm_mux:lpm_mux_component" with the following parameter:
    Info: Parameter "LPM_TYPE" = "LPM_MUX"
    Info: Parameter "LPM_WIDTH" = "1"
    Info: Parameter "LPM_SIZE" = "16"
    Info: Parameter "LPM_WIDTHS" = "4"
Info: Elaborating entity "bypassff" for hierarchy "multiplex:inst2|lpm_mux:lpm_mux_component|bypassff:sel_latency_ff[0]"
Info: Elaborated megafunction instantiation "multiplex:inst2|lpm_mux:lpm_mux_component|bypassff:sel_latency_ff[0]", which is child of megafunction instantiation "multiplex:inst2|lpm_mux:lpm_mux_component"
Info: Elaborating entity "altshift" for hierarchy "multiplex:inst2|lpm_mux:lpm_mux_component|altshift:external_latency_ffs"
Info: Elaborated megafunction instantiation "multiplex:inst2|lpm_mux:lpm_mux_component|altshift:external_latency_ffs", which is child of megafunction instantiation "multiplex:inst2|lpm_mux:lpm_mux_component"
Info: Elaborating entity "muxlut" for hierarchy "multiplex:inst2|lpm_mux:lpm_mux_component|muxlut:$00010"
Info: Elaborated megafunction instantiation "multiplex:inst2|lpm_mux:lpm_mux_component|muxlut:$00010", which is child of megafunction instantiation "multiplex:inst2|lpm_mux:lpm_mux_component"
Info: Elaborating entity "muxlut" for hierarchy "multiplex:inst2|lpm_mux:lpm_mux_component|muxlut:$00010|muxlut:$00012"
Info: Elaborated megafunction instantiation "multiplex:inst2|lpm_mux:lpm_mux_component|muxlut:$00010|muxlut:$00012", which is child of megafunction instantiation "multiplex:inst2|lpm_mux:lpm_mux_component"
Info: Elaborating entity "muxlut" for hierarchy "multiplex:inst2|lpm_mux:lpm_mux_component|muxlut:$00010|muxlut:$00020"
Info: Elaborated megafunction instantiation "multiplex:inst2|lpm_mux:lpm_mux_component|muxlut:$00010|muxlut:$00020", which is child of megafunction instantiation "multiplex:inst2|lpm_mux:lpm_mux_component"
Warning: Using design file TruthTable.tdf, which is not specified as a design file for the current project, but contains definitions for 1 design units and 1 entities in project
    Info: Found entity 1: TruthTable
Info: Elaborating entity "TruthTable" for hierarchy "TruthTable:inst"
Info: Elaborating entity "lpm_rom" for hierarchy "TruthTable:inst|lpm_rom:lpm_rom_component"
Info: Elaborated megafunction instantiation "TruthTable:inst|lpm_rom:lpm_rom_component"
Info: Instantiated megafunction "TruthTable:inst|lpm_rom:lpm_rom_component" with the following parameter:
    Info: Parameter "LPM_TYPE" = "LPM_ROM"
    Info: Parameter "INTENDED_DEVICE_FAMILY" = "FLEX10K"
    Info: Parameter "LPM_WIDTH" = "16"
    Info: Parameter "LPM_WIDTHAD" = "5"
    Info: Parameter "LPM_FILE" = "TruthTable.mif"
    Info: Parameter "LPM_ADDRESS_CONTROL" = "UNREGISTERED"
    Info: Parameter "LPM_OUTDATA" = "UNREGISTERED"
Info: Elaborating entity "altrom" for hierarchy "TruthTable:inst|lpm_rom:lpm_rom_component|altrom:srom"
Info: Elaborated megafunction instantiation "TruthTable:inst|lpm_rom:lpm_rom_component|altrom:srom", which is child of megafunction instantiation "TruthTable:inst|lpm_rom:lpm_rom_component"
Warning: Using design file counter.tdf, which is not specified as a design file for the current project, but contains definitions for 1 design units and 1 entities in project
    Info: Found entity 1: counter
Info: Elaborating entity "counter" for hierarchy "counter:inst5"
Info: Elaborating entity "lpm_counter" for hierarchy "counter:inst5|lpm_counter:lpm_counter_component"
Info: Elaborated megafunction instantiation "counter:inst5|lpm_counter:lpm_counter_component"
Info: Instantiated megafunction "counter:inst5|lpm_counter:lpm_counter_component" with the following parameter:
    Info: Parameter "LPM_TYPE" = "LPM_COUNTER"
    Info: Parameter "LPM_WIDTH" = "5"
    Info: Parameter "LPM_DIRECTION" = "UP"
    Info: Parameter "LPM_PORT_UPDOWN" = "PORT_UNUSED"
Info: Elaborating entity "alt_counter_f10ke" for hierarchy "counter:inst5|lpm_counter:lpm_counter_component|alt_counter_f10ke:wysi_counter"
Info: Elaborated megafunction instantiation "counter:inst5|lpm_counter:lpm_counter_component|alt_counter_f10ke:wysi_counter", which is child of megafunction instantiation "counter:inst5|lpm_counter:lpm_counter_component"
Info: Elaborating entity "debounce" for hierarchy "debounce:inst6"
Warning: Using design file decodificador.vhd, which is not specified as a design file for the current project, but contains definitions for 2 design units and 1 entities in project
    Info: Found design unit 1: decodificador-behavioral
    Info: Found entity 1: decodificador
Info: Elaborating entity "decodificador" for hierarchy "decodificador:inst7"
Info: Inferred 1 megafunctions from design logic
    Info: Inferred adder/subtractor megafunction ("lpm_add_sub") from the following logic: "debounce:inst6|Add0"
Info: Elaborated megafunction instantiation "debounce:inst6|lpm_add_sub:Add0"
Info: Instantiated megafunction "debounce:inst6|lpm_add_sub:Add0" with the following parameter:
    Info: Parameter "LPM_WIDTH" = "20"
    Info: Parameter "LPM_DIRECTION" = "ADD"
    Info: Parameter "LPM_REPRESENTATION" = "UNSIGNED"
    Info: Parameter "ONE_INPUT_IS_CONSTANT" = "YES"
Info: Elaborated megafunction instantiation "debounce:inst6|lpm_add_sub:Add0|addcore:adder", which is child of megafunction instantiation "debounce:inst6|lpm_add_sub:Add0"
Info: Elaborated megafunction instantiation "debounce:inst6|lpm_add_sub:Add0|addcore:adder|a_csnbuffer:oflow_node", which is child of megafunction instantiation "debounce:inst6|lpm_add_sub:Add0"
Info: Elaborated megafunction instantiation "debounce:inst6|lpm_add_sub:Add0|addcore:adder|a_csnbuffer:result_node", which is child of megafunction instantiation "debounce:inst6|lpm_add_sub:Add0"
Info: Elaborated megafunction instantiation "debounce:inst6|lpm_add_sub:Add0|altshift:result_ext_latency_ffs", which is child of megafunction instantiation "debounce:inst6|lpm_add_sub:Add0"
Info: Elaborated megafunction instantiation "debounce:inst6|lpm_add_sub:Add0|altshift:carry_ext_latency_ffs", which is child of megafunction instantiation "debounce:inst6|lpm_add_sub:Add0"
Warning: Always-enabled tri-state buffer(s) removed
    Warning: Converted the fanout from the always-enabled tri-state buffer "TruthTable:inst|lpm_rom:lpm_rom_component|otri[15]" to the node "multiplex:inst2|lpm_mux:lpm_mux_component|muxlut:$00010|muxlut:$00018|_" into a wire
    Warning: Converted the fanout from the always-enabled tri-state buffer "TruthTable:inst|lpm_rom:lpm_rom_component|otri[14]" to the node "multiplex:inst2|lpm_mux:lpm_mux_component|muxlut:$00010|muxlut:$00018|_" into a wire
    Warning: Converted the fanout from the always-enabled tri-state buffer "TruthTable:inst|lpm_rom:lpm_rom_component|otri[11]" to the node "multiplex:inst2|lpm_mux:lpm_mux_component|muxlut:$00010|muxlut:$00016|_" into a wire
    Warning: Converted the fanout from the always-enabled tri-state buffer "TruthTable:inst|lpm_rom:lpm_rom_component|otri[10]" to the node "multiplex:inst2|lpm_mux:lpm_mux_component|muxlut:$00010|muxlut:$00016|_" into a wire
    Warning: Converted the fanout from the always-enabled tri-state buffer "TruthTable:inst|lpm_rom:lpm_rom_component|otri[7]" to the node "multiplex:inst2|lpm_mux:lpm_mux_component|muxlut:$00010|muxlut:$00014|_" into a wire
    Warning: Converted the fanout from the always-enabled tri-state buffer "TruthTable:inst|lpm_rom:lpm_rom_component|otri[6]" to the node "multiplex:inst2|lpm_mux:lpm_mux_component|muxlut:$00010|muxlut:$00014|_" into a wire
    Warning: Converted the fanout from the always-enabled tri-state buffer "TruthTable:inst|lpm_rom:lpm_rom_component|otri[3]" to the node "multiplex:inst2|lpm_mux:lpm_mux_component|muxlut:$00010|muxlut:$00012|_" into a wire
    Warning: Converted the fanout from the always-enabled tri-state buffer "TruthTable:inst|lpm_rom:lpm_rom_component|otri[2]" to the node "multiplex:inst2|lpm_mux:lpm_mux_component|muxlut:$00010|muxlut:$00012|_" into a wire
    Warning: Converted the fanout from the always-enabled tri-state buffer "TruthTable:inst|lpm_rom:lpm_rom_component|otri[13]" to the node "multiplex:inst2|lpm_mux:lpm_mux_component|muxlut:$00010|muxlut:$00018|_" into a wire
    Warning: Converted the fanout from the always-enabled tri-state buffer "TruthTable:inst|lpm_rom:lpm_rom_component|otri[12]" to the node "multiplex:inst2|lpm_mux:lpm_mux_component|muxlut:$00010|muxlut:$00018|_" into a wire
    Warning: Converted the fanout from the always-enabled tri-state buffer "TruthTable:inst|lpm_rom:lpm_rom_component|otri[9]" to the node "multiplex:inst2|lpm_mux:lpm_mux_component|muxlut:$00010|muxlut:$00016|_" into a wire
    Warning: Converted the fanout from the always-enabled tri-state buffer "TruthTable:inst|lpm_rom:lpm_rom_component|otri[8]" to the node "multiplex:inst2|lpm_mux:lpm_mux_component|muxlut:$00010|muxlut:$00016|_" into a wire
    Warning: Converted the fanout from the always-enabled tri-state buffer "TruthTable:inst|lpm_rom:lpm_rom_component|otri[5]" to the node "multiplex:inst2|lpm_mux:lpm_mux_component|muxlut:$00010|muxlut:$00014|_" into a wire
    Warning: Converted the fanout from the always-enabled tri-state buffer "TruthTable:inst|lpm_rom:lpm_rom_component|otri[4]" to the node "multiplex:inst2|lpm_mux:lpm_mux_component|muxlut:$00010|muxlut:$00014|_" into a wire
    Warning: Converted the fanout from the always-enabled tri-state buffer "TruthTable:inst|lpm_rom:lpm_rom_component|otri[1]" to the node "multiplex:inst2|lpm_mux:lpm_mux_component|muxlut:$00010|muxlut:$00012|_" into a wire
    Warning: Converted the fanout from the always-enabled tri-state buffer "TruthTable:inst|lpm_rom:lpm_rom_component|otri[0]" to the node "multiplex:inst2|lpm_mux:lpm_mux_component|muxlut:$00010|muxlut:$00012|_" into a wire
Warning: Output pins are stuck at VCC or GND
    Warning (13410): Pin "FLEX_DIGIT1[5]" is stuck at GND
Info: Implemented 119 device resources after synthesis - the final resource count might be different
    Info: Implemented 7 input pins
    Info: Implemented 15 output pins
    Info: Implemented 81 logic cells
    Info: Implemented 16 RAM segments
Info: Quartus II Analysis & Synthesis was successful. 0 errors, 23 warnings
    Info: Peak virtual memory: 308 megabytes
    Info: Processing ended: Thu Jun 07 09:34:14 2018
    Info: Elapsed time: 00:00:07
    Info: Total CPU time (on all processors): 00:00:02


