Analysis & Synthesis report for Acumulador
Thu May 24 09:35:49 2018
Quartus II Version 9.0 Build 235 06/17/2009 Service Pack 2 SJ Web Edition


---------------------
; Table of Contents ;
---------------------
  1. Legal Notice
  2. Analysis & Synthesis Summary
  3. Analysis & Synthesis Settings
  4. Analysis & Synthesis Source Files Read
  5. Analysis & Synthesis Resource Usage Summary
  6. Analysis & Synthesis Resource Utilization by Entity
  7. General Register Statistics
  8. Source assignments for debounce:inst7|lpm_add_sub:Add0|addcore:adder
  9. Parameter Settings for User Entity Instance: debounce:inst7
 10. Parameter Settings for Inferred Entity Instance: debounce:inst7|lpm_add_sub:Add0
 11. Analysis & Synthesis Messages



----------------
; Legal Notice ;
----------------
Copyright (C) 1991-2009 Altera Corporation
Your use of Altera Corporation's design tools, logic functions 
and other software and tools, and its AMPP partner logic 
functions, and any output files from any of the foregoing 
(including device programming or simulation files), and any 
associated documentation or information are expressly subject 
to the terms and conditions of the Altera Program License 
Subscription Agreement, Altera MegaCore Function License 
Agreement, or other applicable license agreement, including, 
without limitation, that your use is for the sole purpose of 
programming logic devices manufactured by Altera and sold by 
Altera or its authorized distributors.  Please refer to the 
applicable agreement for further details.



+----------------------------------------------------------------------------+
; Analysis & Synthesis Summary                                               ;
+-----------------------------+----------------------------------------------+
; Analysis & Synthesis Status ; Successful - Thu May 24 09:35:49 2018        ;
; Quartus II Version          ; 9.0 Build 235 06/17/2009 SP 2 SJ Web Edition ;
; Revision Name               ; Acumulador                                   ;
; Top-level Entity Name       ; Acumulador                                   ;
; Family                      ; FLEX10K                                      ;
; Total logic elements        ; 89                                           ;
; Total pins                  ; 27                                           ;
; Total memory bits           ; 0                                            ;
+-----------------------------+----------------------------------------------+


+------------------------------------------------------------------------------------------------+
; Analysis & Synthesis Settings                                                                  ;
+--------------------------------------------------------------+-----------------+---------------+
; Option                                                       ; Setting         ; Default Value ;
+--------------------------------------------------------------+-----------------+---------------+
; Device                                                       ; EPF10K20RC240-4 ;               ;
; Top-level entity name                                        ; Acumulador      ; Acumulador    ;
; Family name                                                  ; FLEX10K         ; Stratix II    ;
; Use Generated Physical Constraints File                      ; Off             ;               ;
; Use smart compilation                                        ; Off             ; Off           ;
; Create Debugging Nodes for IP Cores                          ; Off             ; Off           ;
; Preserve fewer node names                                    ; On              ; On            ;
; Disable OpenCore Plus hardware evaluation                    ; Off             ; Off           ;
; Verilog Version                                              ; Verilog_2001    ; Verilog_2001  ;
; VHDL Version                                                 ; VHDL93          ; VHDL93        ;
; State Machine Processing                                     ; Auto            ; Auto          ;
; Safe State Machine                                           ; Off             ; Off           ;
; Extract Verilog State Machines                               ; On              ; On            ;
; Extract VHDL State Machines                                  ; On              ; On            ;
; Ignore Verilog initial constructs                            ; Off             ; Off           ;
; Iteration limit for constant Verilog loops                   ; 5000            ; 5000          ;
; Iteration limit for non-constant Verilog loops               ; 250             ; 250           ;
; Add Pass-Through Logic to Inferred RAMs                      ; On              ; On            ;
; Parallel Synthesis                                           ; Off             ; Off           ;
; NOT Gate Push-Back                                           ; On              ; On            ;
; Power-Up Don't Care                                          ; On              ; On            ;
; Remove Redundant Logic Cells                                 ; Off             ; Off           ;
; Remove Duplicate Registers                                   ; On              ; On            ;
; Ignore CARRY Buffers                                         ; Off             ; Off           ;
; Ignore CASCADE Buffers                                       ; Off             ; Off           ;
; Ignore GLOBAL Buffers                                        ; Off             ; Off           ;
; Ignore ROW GLOBAL Buffers                                    ; Off             ; Off           ;
; Ignore LCELL Buffers                                         ; Off             ; Off           ;
; Ignore SOFT Buffers                                          ; On              ; On            ;
; Limit AHDL Integers to 32 Bits                               ; Off             ; Off           ;
; Auto Implement in ROM                                        ; Off             ; Off           ;
; Optimization Technique                                       ; Area            ; Area          ;
; Carry Chain Length                                           ; 32              ; 32            ;
; Cascade Chain Length                                         ; 2               ; 2             ;
; Auto Carry Chains                                            ; On              ; On            ;
; Auto Open-Drain Pins                                         ; On              ; On            ;
; Auto ROM Replacement                                         ; On              ; On            ;
; Auto RAM Replacement                                         ; On              ; On            ;
; Auto Clock Enable Replacement                                ; On              ; On            ;
; Strict RAM Replacement                                       ; Off             ; Off           ;
; Auto Resource Sharing                                        ; Off             ; Off           ;
; Allow Any RAM Size For Recognition                           ; Off             ; Off           ;
; Allow Any ROM Size For Recognition                           ; Off             ; Off           ;
; Use LogicLock Constraints during Resource Balancing          ; On              ; On            ;
; Ignore translate_off and synthesis_off directives            ; Off             ; Off           ;
; Show Parameter Settings Tables in Synthesis Report           ; On              ; On            ;
; HDL message level                                            ; Level2          ; Level2        ;
; Suppress Register Optimization Related Messages              ; Off             ; Off           ;
; Number of Removed Registers Reported in Synthesis Report     ; 100             ; 100           ;
; Number of Inverted Registers Reported in Synthesis Report    ; 100             ; 100           ;
; Block Design Naming                                          ; Auto            ; Auto          ;
; Synthesis Effort                                             ; Auto            ; Auto          ;
; Shift Register Replacement - Allow Asynchronous Clear Signal ; On              ; On            ;
; Analysis & Synthesis Message Level                           ; Medium          ; Medium        ;
+--------------------------------------------------------------+-----------------+---------------+


+-------------------------------------------------------------------------------------------------------------------------------------------------------------------+
; Analysis & Synthesis Source Files Read                                                                                                                            ;
+----------------------------------+-----------------+------------------------------------+-------------------------------------------------------------------------+
; File Name with User-Entered Path ; Used in Netlist ; File Type                          ; File Name with Absolute Path                                            ;
+----------------------------------+-----------------+------------------------------------+-------------------------------------------------------------------------+
; debounce.vhd                     ; yes             ; User VHDL File                     ; F:/gcc113-digitais/acumulador/debounce.vhd                              ;
; decodificador.vhd                ; yes             ; User VHDL File                     ; F:/gcc113-digitais/acumulador/decodificador.vhd                         ;
; Reg.bdf                          ; yes             ; User Block Diagram/Schematic File  ; F:/gcc113-digitais/acumulador/Reg.bdf                                   ;
; Acumulador.bdf                   ; yes             ; User Block Diagram/Schematic File  ; F:/gcc113-digitais/acumulador/Acumulador.bdf                            ;
; 74382.bdf                        ; yes             ; Megafunction                       ; c:/altera/90sp2/quartus/libraries/others/maxplus2/74382.bdf             ;
; lpm_add_sub.tdf                  ; yes             ; Megafunction                       ; c:/altera/90sp2/quartus/libraries/megafunctions/lpm_add_sub.tdf         ;
; addcore.inc                      ; yes             ; Megafunction                       ; c:/altera/90sp2/quartus/libraries/megafunctions/addcore.inc             ;
; look_add.inc                     ; yes             ; Megafunction                       ; c:/altera/90sp2/quartus/libraries/megafunctions/look_add.inc            ;
; bypassff.inc                     ; yes             ; Megafunction                       ; c:/altera/90sp2/quartus/libraries/megafunctions/bypassff.inc            ;
; altshift.inc                     ; yes             ; Megafunction                       ; c:/altera/90sp2/quartus/libraries/megafunctions/altshift.inc            ;
; alt_stratix_add_sub.inc          ; yes             ; Megafunction                       ; c:/altera/90sp2/quartus/libraries/megafunctions/alt_stratix_add_sub.inc ;
; alt_mercury_add_sub.inc          ; yes             ; Megafunction                       ; c:/altera/90sp2/quartus/libraries/megafunctions/alt_mercury_add_sub.inc ;
; aglobal90.inc                    ; yes             ; Megafunction                       ; c:/altera/90sp2/quartus/libraries/megafunctions/aglobal90.inc           ;
; addcore.tdf                      ; yes             ; Megafunction                       ; c:/altera/90sp2/quartus/libraries/megafunctions/addcore.tdf             ;
; a_csnbuffer.inc                  ; yes             ; Megafunction                       ; c:/altera/90sp2/quartus/libraries/megafunctions/a_csnbuffer.inc         ;
; a_csnbuffer.tdf                  ; yes             ; Megafunction                       ; c:/altera/90sp2/quartus/libraries/megafunctions/a_csnbuffer.tdf         ;
; altshift.tdf                     ; yes             ; Megafunction                       ; c:/altera/90sp2/quartus/libraries/megafunctions/altshift.tdf            ;
+----------------------------------+-----------------+------------------------------------+-------------------------------------------------------------------------+


+---------------------------------------------+
; Analysis & Synthesis Resource Usage Summary ;
+-----------------------------------+---------+
; Resource                          ; Usage   ;
+-----------------------------------+---------+
; Total logic elements              ; 89      ;
; Total combinational functions     ; 83      ;
;     -- Total 4-input functions    ; 46      ;
;     -- Total 3-input functions    ; 14      ;
;     -- Total 2-input functions    ; 2       ;
;     -- Total 1-input functions    ; 21      ;
;     -- Total 0-input functions    ; 0       ;
; Total registers                   ; 32      ;
; Total logic cells in carry chains ; 20      ;
; I/O pins                          ; 27      ;
; Maximum fan-out node              ; GCLK    ;
; Maximum fan-out                   ; 23      ;
; Total fan-out                     ; 331     ;
; Average fan-out                   ; 2.85    ;
+-----------------------------------+---------+


+---------------------------------------------------------------------------------------------------------------------------------------------------------------------------------------------------------------------------------------------------------------------------------+
; Analysis & Synthesis Resource Utilization by Entity                                                                                                                                                                                                                             ;
+---------------------------------------+-------------+--------------+-------------+------+--------------+-------------------+------------------+-----------------+------------+-----------------------------------------------------------------------------------+--------------+
; Compilation Hierarchy Node            ; Logic Cells ; LC Registers ; Memory Bits ; Pins ; LUT-Only LCs ; Register-Only LCs ; LUT/Register LCs ; Carry Chain LCs ; Packed LCs ; Full Hierarchy Name                                                               ; Library Name ;
+---------------------------------------+-------------+--------------+-------------+------+--------------+-------------------+------------------+-----------------+------------+-----------------------------------------------------------------------------------+--------------+
; |Acumulador                           ; 89 (1)      ; 32           ; 0           ; 27   ; 57 (0)       ; 6 (0)             ; 26 (1)           ; 20 (0)          ; 0 (0)      ; |Acumulador                                                                       ; work         ;
;    |74382:inst3|                      ; 29 (29)     ; 0            ; 0           ; 0    ; 29 (29)      ; 0 (0)             ; 0 (0)            ; 0 (0)           ; 0 (0)      ; |Acumulador|74382:inst3                                                           ; work         ;
;    |Reg:inst4|                        ; 4 (4)       ; 4            ; 0           ; 0    ; 0 (0)        ; 0 (0)             ; 4 (4)            ; 0 (0)           ; 0 (0)      ; |Acumulador|Reg:inst4                                                             ; work         ;
;    |Reg:inst5|                        ; 4 (4)       ; 4            ; 0           ; 0    ; 0 (0)        ; 4 (4)             ; 0 (0)            ; 0 (0)           ; 0 (0)      ; |Acumulador|Reg:inst5                                                             ; work         ;
;    |debounce:inst7|                   ; 44 (25)     ; 23           ; 0           ; 0    ; 21 (2)       ; 2 (2)             ; 21 (21)          ; 20 (1)          ; 0 (0)      ; |Acumulador|debounce:inst7                                                        ; work         ;
;       |lpm_add_sub:Add0|              ; 19 (0)      ; 0            ; 0           ; 0    ; 19 (0)       ; 0 (0)             ; 0 (0)            ; 19 (0)          ; 0 (0)      ; |Acumulador|debounce:inst7|lpm_add_sub:Add0                                       ; work         ;
;          |addcore:adder|              ; 19 (1)      ; 0            ; 0           ; 0    ; 19 (1)       ; 0 (0)             ; 0 (0)            ; 19 (1)          ; 0 (0)      ; |Acumulador|debounce:inst7|lpm_add_sub:Add0|addcore:adder                         ; work         ;
;             |a_csnbuffer:result_node| ; 18 (18)     ; 0            ; 0           ; 0    ; 18 (18)      ; 0 (0)             ; 0 (0)            ; 18 (18)         ; 0 (0)      ; |Acumulador|debounce:inst7|lpm_add_sub:Add0|addcore:adder|a_csnbuffer:result_node ; work         ;
;    |decodificador:inst17|             ; 7 (7)       ; 0            ; 0           ; 0    ; 7 (7)        ; 0 (0)             ; 0 (0)            ; 0 (0)           ; 0 (0)      ; |Acumulador|decodificador:inst17                                                  ; work         ;
+---------------------------------------+-------------+--------------+-------------+------+--------------+-------------------+------------------+-----------------+------------+-----------------------------------------------------------------------------------+--------------+
Note: For table entries with two numbers listed, the numbers in parentheses indicate the number of resources of the given type used by the specific entity alone. The numbers listed outside of parentheses indicate the total resources of the given type used by the specific entity and all of its sub-entities in the hierarchy.


+------------------------------------------------------+
; General Register Statistics                          ;
+----------------------------------------------+-------+
; Statistic                                    ; Value ;
+----------------------------------------------+-------+
; Total registers                              ; 32    ;
; Number of registers using Synchronous Clear  ; 1     ;
; Number of registers using Synchronous Load   ; 0     ;
; Number of registers using Asynchronous Clear ; 9     ;
; Number of registers using Asynchronous Load  ; 0     ;
; Number of registers using Clock Enable       ; 1     ;
; Number of registers using Preset             ; 0     ;
+----------------------------------------------+-------+


+----------------------------------------------------------------------+
; Source assignments for debounce:inst7|lpm_add_sub:Add0|addcore:adder ;
+---------------------------+-------+------+---------------------------+
; Assignment                ; Value ; From ; To                        ;
+---------------------------+-------+------+---------------------------+
; SUPPRESS_DA_RULE_INTERNAL ; A103  ; -    ; -                         ;
+---------------------------+-------+------+---------------------------+


+-------------------------------------------------------------+
; Parameter Settings for User Entity Instance: debounce:inst7 ;
+----------------+-------+------------------------------------+
; Parameter Name ; Value ; Type                               ;
+----------------+-------+------------------------------------+
; counter_size   ; 19    ; Signed Integer                     ;
+----------------+-------+------------------------------------+
Note: In order to hide this table in the UI and the text report file, please set the "Show Parameter Settings Tables in Synthesis Report" option in "Analysis and Synthesis Settings -> More Settings" to "Off".


+----------------------------------------------------------------------------------+
; Parameter Settings for Inferred Entity Instance: debounce:inst7|lpm_add_sub:Add0 ;
+------------------------+-------------+-------------------------------------------+
; Parameter Name         ; Value       ; Type                                      ;
+------------------------+-------------+-------------------------------------------+
; LPM_WIDTH              ; 20          ; Untyped                                   ;
; LPM_REPRESENTATION     ; UNSIGNED    ; Untyped                                   ;
; LPM_DIRECTION          ; ADD         ; Untyped                                   ;
; ONE_INPUT_IS_CONSTANT  ; YES         ; Untyped                                   ;
; LPM_PIPELINE           ; 0           ; Untyped                                   ;
; MAXIMIZE_SPEED         ; 5           ; Untyped                                   ;
; REGISTERED_AT_END      ; 0           ; Untyped                                   ;
; OPTIMIZE_FOR_SPEED     ; 1           ; Untyped                                   ;
; USE_CS_BUFFERS         ; 1           ; Untyped                                   ;
; CARRY_CHAIN            ; MANUAL      ; Untyped                                   ;
; CARRY_CHAIN_LENGTH     ; 48          ; CARRY_CHAIN_LENGTH                        ;
; DEVICE_FAMILY          ; FLEX10K     ; Untyped                                   ;
; USE_WYS                ; OFF         ; Untyped                                   ;
; STYLE                  ; FAST        ; Untyped                                   ;
; CBXI_PARAMETER         ; add_sub_poh ; Untyped                                   ;
; AUTO_CARRY_CHAINS      ; ON          ; AUTO_CARRY                                ;
; IGNORE_CARRY_BUFFERS   ; OFF         ; IGNORE_CARRY                              ;
; AUTO_CASCADE_CHAINS    ; ON          ; AUTO_CASCADE                              ;
; IGNORE_CASCADE_BUFFERS ; OFF         ; IGNORE_CASCADE                            ;
+------------------------+-------------+-------------------------------------------+
Note: In order to hide this table in the UI and the text report file, please set the "Show Parameter Settings Tables in Synthesis Report" option in "Analysis and Synthesis Settings -> More Settings" to "Off".


+-------------------------------+
; Analysis & Synthesis Messages ;
+-------------------------------+
Info: *******************************************************************
Info: Running Quartus II Analysis & Synthesis
    Info: Version 9.0 Build 235 06/17/2009 Service Pack 2 SJ Web Edition
    Info: Processing started: Thu May 24 09:35:46 2018
Info: Command: quartus_map --read_settings_files=on --write_settings_files=off Acumulador -c Acumulador
Info: Found 1 design units, including 1 entities, in source file fullAdder.bdf
    Info: Found entity 1: fullAdder
Info: Found 2 design units, including 1 entities, in source file debounce.vhd
    Info: Found design unit 1: debounce-logic
    Info: Found entity 1: debounce
Info: Found 2 design units, including 1 entities, in source file decodificador.vhd
    Info: Found design unit 1: decodificador-behavioral
    Info: Found entity 1: decodificador
Info: Found 1 design units, including 1 entities, in source file FA.bdf
    Info: Found entity 1: FA
Warning: Can't analyze file -- file F:/gcc113-digitais/acumulador/FlipFlopD.bdf is missing
Info: Found 1 design units, including 1 entities, in source file Reg.bdf
    Info: Found entity 1: Reg
Info: Found 1 design units, including 1 entities, in source file SomadorSubtrator.bdf
    Info: Found entity 1: SomadorSubtrator
Info: Found 1 design units, including 1 entities, in source file Acumulador.bdf
    Info: Found entity 1: Acumulador
Info: Elaborating entity "Acumulador" for the top level hierarchy
Warning: Primitive "GND" of instance "inst10" not used
Info: Elaborating entity "debounce" for hierarchy "debounce:inst7"
Info: Elaborating entity "74382" for hierarchy "74382:inst3"
Info: Elaborated megafunction instantiation "74382:inst3"
Info: Elaborating entity "Reg" for hierarchy "Reg:inst5"
Info: Elaborating entity "decodificador" for hierarchy "decodificador:inst17"
Info: Inferred 1 megafunctions from design logic
    Info: Inferred adder/subtractor megafunction ("lpm_add_sub") from the following logic: "debounce:inst7|Add0"
Info: Elaborated megafunction instantiation "debounce:inst7|lpm_add_sub:Add0"
Info: Instantiated megafunction "debounce:inst7|lpm_add_sub:Add0" with the following parameter:
    Info: Parameter "LPM_WIDTH" = "20"
    Info: Parameter "LPM_DIRECTION" = "ADD"
    Info: Parameter "LPM_REPRESENTATION" = "UNSIGNED"
    Info: Parameter "ONE_INPUT_IS_CONSTANT" = "YES"
Info: Elaborated megafunction instantiation "debounce:inst7|lpm_add_sub:Add0|addcore:adder", which is child of megafunction instantiation "debounce:inst7|lpm_add_sub:Add0"
Info: Elaborated megafunction instantiation "debounce:inst7|lpm_add_sub:Add0|addcore:adder|a_csnbuffer:oflow_node", which is child of megafunction instantiation "debounce:inst7|lpm_add_sub:Add0"
Info: Elaborated megafunction instantiation "debounce:inst7|lpm_add_sub:Add0|addcore:adder|a_csnbuffer:result_node", which is child of megafunction instantiation "debounce:inst7|lpm_add_sub:Add0"
Info: Elaborated megafunction instantiation "debounce:inst7|lpm_add_sub:Add0|altshift:result_ext_latency_ffs", which is child of megafunction instantiation "debounce:inst7|lpm_add_sub:Add0"
Info: Elaborated megafunction instantiation "debounce:inst7|lpm_add_sub:Add0|altshift:carry_ext_latency_ffs", which is child of megafunction instantiation "debounce:inst7|lpm_add_sub:Add0"
Info: Ignored 8 buffer(s)
    Info: Ignored 8 SOFT buffer(s)
Warning: Output pins are stuck at VCC or GND
    Warning (13410): Pin "FLEX_DIGIT1[6]" is stuck at VCC
    Warning (13410): Pin "FLEX_DIGIT1[5]" is stuck at VCC
    Warning (13410): Pin "FLEX_DIGIT1[4]" is stuck at VCC
    Warning (13410): Pin "FLEX_DIGIT1[3]" is stuck at VCC
    Warning (13410): Pin "FLEX_DIGIT1[2]" is stuck at VCC
    Warning (13410): Pin "FLEX_DIGIT1[1]" is stuck at VCC
Warning: Design contains 1 input pin(s) that do not drive logic
    Warning (15610): No output dependent on input pin "FLEX_SW[3]"
Info: Implemented 116 device resources after synthesis - the final resource count might be different
    Info: Implemented 11 input pins
    Info: Implemented 16 output pins
    Info: Implemented 89 logic cells
Info: Quartus II Analysis & Synthesis was successful. 0 errors, 11 warnings
    Info: Peak virtual memory: 301 megabytes
    Info: Processing ended: Thu May 24 09:35:49 2018
    Info: Elapsed time: 00:00:03
    Info: Total CPU time (on all processors): 00:00:02


