Analysis & Synthesis report for Contadores
Thu May 17 09:39:20 2018
Quartus II Version 9.0 Build 235 06/17/2009 Service Pack 2 SJ Web Edition


---------------------
; Table of Contents ;
---------------------
  1. Legal Notice
  2. Analysis & Synthesis Summary
  3. Analysis & Synthesis Settings
  4. Analysis & Synthesis Source Files Read
  5. Analysis & Synthesis Resource Usage Summary
  6. Analysis & Synthesis Resource Utilization by Entity
  7. General Register Statistics
  8. Source assignments for debounce:inst7|lpm_add_sub:Add0|addcore:adder
  9. Source assignments for divfreq1Hz:inst10|lpm_add_sub:Add0|addcore:adder
 10. Parameter Settings for User Entity Instance: debounce:inst7
 11. Parameter Settings for Inferred Entity Instance: debounce:inst7|lpm_add_sub:Add0
 12. Parameter Settings for Inferred Entity Instance: divfreq1Hz:inst10|lpm_add_sub:Add0
 13. Analysis & Synthesis Messages



----------------
; Legal Notice ;
----------------
Copyright (C) 1991-2009 Altera Corporation
Your use of Altera Corporation's design tools, logic functions 
and other software and tools, and its AMPP partner logic 
functions, and any output files from any of the foregoing 
(including device programming or simulation files), and any 
associated documentation or information are expressly subject 
to the terms and conditions of the Altera Program License 
Subscription Agreement, Altera MegaCore Function License 
Agreement, or other applicable license agreement, including, 
without limitation, that your use is for the sole purpose of 
programming logic devices manufactured by Altera and sold by 
Altera or its authorized distributors.  Please refer to the 
applicable agreement for further details.



+----------------------------------------------------------------------------+
; Analysis & Synthesis Summary                                               ;
+-----------------------------+----------------------------------------------+
; Analysis & Synthesis Status ; Successful - Thu May 17 09:39:20 2018        ;
; Quartus II Version          ; 9.0 Build 235 06/17/2009 SP 2 SJ Web Edition ;
; Revision Name               ; Contadores                                   ;
; Top-level Entity Name       ; Contadores                                   ;
; Family                      ; FLEX10K                                      ;
; Total logic elements        ; 130                                          ;
; Total pins                  ; 16                                           ;
; Total memory bits           ; 0                                            ;
+-----------------------------+----------------------------------------------+


+------------------------------------------------------------------------------------------------+
; Analysis & Synthesis Settings                                                                  ;
+--------------------------------------------------------------+-----------------+---------------+
; Option                                                       ; Setting         ; Default Value ;
+--------------------------------------------------------------+-----------------+---------------+
; Device                                                       ; EPF10K20RC240-4 ;               ;
; Top-level entity name                                        ; Contadores      ; Contadores    ;
; Family name                                                  ; FLEX10K         ; Stratix II    ;
; Optimization Technique                                       ; Speed           ; Area          ;
; Use Generated Physical Constraints File                      ; Off             ;               ;
; Use smart compilation                                        ; Off             ; Off           ;
; Create Debugging Nodes for IP Cores                          ; Off             ; Off           ;
; Preserve fewer node names                                    ; On              ; On            ;
; Disable OpenCore Plus hardware evaluation                    ; Off             ; Off           ;
; Verilog Version                                              ; Verilog_2001    ; Verilog_2001  ;
; VHDL Version                                                 ; VHDL93          ; VHDL93        ;
; State Machine Processing                                     ; Auto            ; Auto          ;
; Safe State Machine                                           ; Off             ; Off           ;
; Extract Verilog State Machines                               ; On              ; On            ;
; Extract VHDL State Machines                                  ; On              ; On            ;
; Ignore Verilog initial constructs                            ; Off             ; Off           ;
; Iteration limit for constant Verilog loops                   ; 5000            ; 5000          ;
; Iteration limit for non-constant Verilog loops               ; 250             ; 250           ;
; Add Pass-Through Logic to Inferred RAMs                      ; On              ; On            ;
; Parallel Synthesis                                           ; Off             ; Off           ;
; NOT Gate Push-Back                                           ; On              ; On            ;
; Power-Up Don't Care                                          ; On              ; On            ;
; Remove Redundant Logic Cells                                 ; Off             ; Off           ;
; Remove Duplicate Registers                                   ; On              ; On            ;
; Ignore CARRY Buffers                                         ; Off             ; Off           ;
; Ignore CASCADE Buffers                                       ; Off             ; Off           ;
; Ignore GLOBAL Buffers                                        ; Off             ; Off           ;
; Ignore ROW GLOBAL Buffers                                    ; Off             ; Off           ;
; Ignore LCELL Buffers                                         ; Off             ; Off           ;
; Ignore SOFT Buffers                                          ; On              ; On            ;
; Limit AHDL Integers to 32 Bits                               ; Off             ; Off           ;
; Auto Implement in ROM                                        ; Off             ; Off           ;
; Carry Chain Length                                           ; 32              ; 32            ;
; Cascade Chain Length                                         ; 2               ; 2             ;
; Auto Carry Chains                                            ; On              ; On            ;
; Auto Open-Drain Pins                                         ; On              ; On            ;
; Auto ROM Replacement                                         ; On              ; On            ;
; Auto RAM Replacement                                         ; On              ; On            ;
; Auto Clock Enable Replacement                                ; On              ; On            ;
; Strict RAM Replacement                                       ; Off             ; Off           ;
; Auto Resource Sharing                                        ; Off             ; Off           ;
; Allow Any RAM Size For Recognition                           ; Off             ; Off           ;
; Allow Any ROM Size For Recognition                           ; Off             ; Off           ;
; Use LogicLock Constraints during Resource Balancing          ; On              ; On            ;
; Ignore translate_off and synthesis_off directives            ; Off             ; Off           ;
; Show Parameter Settings Tables in Synthesis Report           ; On              ; On            ;
; HDL message level                                            ; Level2          ; Level2        ;
; Suppress Register Optimization Related Messages              ; Off             ; Off           ;
; Number of Removed Registers Reported in Synthesis Report     ; 100             ; 100           ;
; Number of Inverted Registers Reported in Synthesis Report    ; 100             ; 100           ;
; Block Design Naming                                          ; Auto            ; Auto          ;
; Synthesis Effort                                             ; Auto            ; Auto          ;
; Shift Register Replacement - Allow Asynchronous Clear Signal ; On              ; On            ;
; Analysis & Synthesis Message Level                           ; Medium          ; Medium        ;
+--------------------------------------------------------------+-----------------+---------------+


+-------------------------------------------------------------------------------------------------------------------------------------------------------------------------+
; Analysis & Synthesis Source Files Read                                                                                                                                  ;
+----------------------------------+-----------------+------------------------------------------+-------------------------------------------------------------------------+
; File Name with User-Entered Path ; Used in Netlist ; File Type                                ; File Name with Absolute Path                                            ;
+----------------------------------+-----------------+------------------------------------------+-------------------------------------------------------------------------+
; debounce.vhd                     ; yes             ; User VHDL File                           ; F:/study/gcc113-digitais/contador/debounce.vhd                          ;
; divfreq1Hz.vhd                   ; yes             ; User VHDL File                           ; F:/study/gcc113-digitais/contador/divfreq1Hz.vhd                        ;
; Contadores.bdf                   ; yes             ; User Block Diagram/Schematic File        ; F:/study/gcc113-digitais/contador/Contadores.bdf                        ;
; 7447.bdf                         ; yes             ; Megafunction                             ; c:/altera/90sp2/quartus/libraries/others/maxplus2/7447.bdf              ;
; contadorMod10.bdf                ; yes             ; Auto-Found Block Diagram/Schematic File  ; F:/study/gcc113-digitais/contador/contadorMod10.bdf                     ;
; lpm_add_sub.tdf                  ; yes             ; Megafunction                             ; c:/altera/90sp2/quartus/libraries/megafunctions/lpm_add_sub.tdf         ;
; addcore.inc                      ; yes             ; Megafunction                             ; c:/altera/90sp2/quartus/libraries/megafunctions/addcore.inc             ;
; look_add.inc                     ; yes             ; Megafunction                             ; c:/altera/90sp2/quartus/libraries/megafunctions/look_add.inc            ;
; bypassff.inc                     ; yes             ; Megafunction                             ; c:/altera/90sp2/quartus/libraries/megafunctions/bypassff.inc            ;
; altshift.inc                     ; yes             ; Megafunction                             ; c:/altera/90sp2/quartus/libraries/megafunctions/altshift.inc            ;
; alt_stratix_add_sub.inc          ; yes             ; Megafunction                             ; c:/altera/90sp2/quartus/libraries/megafunctions/alt_stratix_add_sub.inc ;
; alt_mercury_add_sub.inc          ; yes             ; Megafunction                             ; c:/altera/90sp2/quartus/libraries/megafunctions/alt_mercury_add_sub.inc ;
; aglobal90.inc                    ; yes             ; Megafunction                             ; c:/altera/90sp2/quartus/libraries/megafunctions/aglobal90.inc           ;
; addcore.tdf                      ; yes             ; Megafunction                             ; c:/altera/90sp2/quartus/libraries/megafunctions/addcore.tdf             ;
; a_csnbuffer.inc                  ; yes             ; Megafunction                             ; c:/altera/90sp2/quartus/libraries/megafunctions/a_csnbuffer.inc         ;
; a_csnbuffer.tdf                  ; yes             ; Megafunction                             ; c:/altera/90sp2/quartus/libraries/megafunctions/a_csnbuffer.tdf         ;
; altshift.tdf                     ; yes             ; Megafunction                             ; c:/altera/90sp2/quartus/libraries/megafunctions/altshift.tdf            ;
+----------------------------------+-----------------+------------------------------------------+-------------------------------------------------------------------------+


+---------------------------------------------+
; Analysis & Synthesis Resource Usage Summary ;
+-----------------------------------+---------+
; Resource                          ; Usage   ;
+-----------------------------------+---------+
; Total logic elements              ; 130     ;
; Total combinational functions     ; 113     ;
;     -- Total 4-input functions    ; 47      ;
;     -- Total 3-input functions    ; 8       ;
;     -- Total 2-input functions    ; 5       ;
;     -- Total 1-input functions    ; 53      ;
;     -- Total 0-input functions    ; 0       ;
; Total registers                   ; 56      ;
; Total logic cells in carry chains ; 44      ;
; I/O pins                          ; 16      ;
; Maximum fan-out node              ; GCLK    ;
; Maximum fan-out                   ; 48      ;
; Total fan-out                     ; 424     ;
; Average fan-out                   ; 2.90    ;
+-----------------------------------+---------+


+------------------------------------------------------------------------------------------------------------------------------------------------------------------------------------------------------------------------------------------------------------------------------------+
; Analysis & Synthesis Resource Utilization by Entity                                                                                                                                                                                                                                ;
+---------------------------------------+-------------+--------------+-------------+------+--------------+-------------------+------------------+-----------------+------------+--------------------------------------------------------------------------------------+--------------+
; Compilation Hierarchy Node            ; Logic Cells ; LC Registers ; Memory Bits ; Pins ; LUT-Only LCs ; Register-Only LCs ; LUT/Register LCs ; Carry Chain LCs ; Packed LCs ; Full Hierarchy Name                                                                  ; Library Name ;
+---------------------------------------+-------------+--------------+-------------+------+--------------+-------------------+------------------+-----------------+------------+--------------------------------------------------------------------------------------+--------------+
; |Contadores                           ; 130 (1)     ; 56           ; 0           ; 16   ; 74 (1)       ; 17 (0)            ; 39 (0)           ; 44 (0)          ; 0 (0)      ; |Contadores                                                                          ; work         ;
;    |7447:inst2|                       ; 9 (9)       ; 0            ; 0           ; 0    ; 9 (9)        ; 0 (0)             ; 0 (0)            ; 0 (0)           ; 0 (0)      ; |Contadores|7447:inst2                                                               ; work         ;
;    |7447:inst3|                       ; 10 (10)     ; 0            ; 0           ; 0    ; 10 (10)      ; 0 (0)             ; 0 (0)            ; 0 (0)           ; 0 (0)      ; |Contadores|7447:inst3                                                               ; work         ;
;    |contadorMod10:inst6|              ; 6 (6)       ; 4            ; 0           ; 0    ; 2 (2)        ; 0 (0)             ; 4 (4)            ; 0 (0)           ; 0 (0)      ; |Contadores|contadorMod10:inst6                                                      ; work         ;
;    |contadorMod10:inst|               ; 5 (5)       ; 4            ; 0           ; 0    ; 1 (1)        ; 0 (0)             ; 4 (4)            ; 0 (0)           ; 0 (0)      ; |Contadores|contadorMod10:inst                                                       ; work         ;
;    |debounce:inst7|                   ; 44 (25)     ; 23           ; 0           ; 0    ; 21 (2)       ; 3 (3)             ; 20 (20)          ; 20 (1)          ; 0 (0)      ; |Contadores|debounce:inst7                                                           ; work         ;
;       |lpm_add_sub:Add0|              ; 19 (0)      ; 0            ; 0           ; 0    ; 19 (0)       ; 0 (0)             ; 0 (0)            ; 19 (0)          ; 0 (0)      ; |Contadores|debounce:inst7|lpm_add_sub:Add0                                          ; work         ;
;          |addcore:adder|              ; 19 (1)      ; 0            ; 0           ; 0    ; 19 (1)       ; 0 (0)             ; 0 (0)            ; 19 (1)          ; 0 (0)      ; |Contadores|debounce:inst7|lpm_add_sub:Add0|addcore:adder                            ; work         ;
;             |a_csnbuffer:result_node| ; 18 (18)     ; 0            ; 0           ; 0    ; 18 (18)      ; 0 (0)             ; 0 (0)            ; 18 (18)         ; 0 (0)      ; |Contadores|debounce:inst7|lpm_add_sub:Add0|addcore:adder|a_csnbuffer:result_node    ; work         ;
;    |divfreq1Hz:inst10|                ; 55 (32)     ; 25           ; 0           ; 0    ; 30 (7)       ; 14 (14)           ; 11 (11)          ; 24 (1)          ; 0 (0)      ; |Contadores|divfreq1Hz:inst10                                                        ; work         ;
;       |lpm_add_sub:Add0|              ; 23 (0)      ; 0            ; 0           ; 0    ; 23 (0)       ; 0 (0)             ; 0 (0)            ; 23 (0)          ; 0 (0)      ; |Contadores|divfreq1Hz:inst10|lpm_add_sub:Add0                                       ; work         ;
;          |addcore:adder|              ; 23 (1)      ; 0            ; 0           ; 0    ; 23 (1)       ; 0 (0)             ; 0 (0)            ; 23 (1)          ; 0 (0)      ; |Contadores|divfreq1Hz:inst10|lpm_add_sub:Add0|addcore:adder                         ; work         ;
;             |a_csnbuffer:result_node| ; 22 (22)     ; 0            ; 0           ; 0    ; 22 (22)      ; 0 (0)             ; 0 (0)            ; 22 (22)         ; 0 (0)      ; |Contadores|divfreq1Hz:inst10|lpm_add_sub:Add0|addcore:adder|a_csnbuffer:result_node ; work         ;
+---------------------------------------+-------------+--------------+-------------+------+--------------+-------------------+------------------+-----------------+------------+--------------------------------------------------------------------------------------+--------------+
Note: For table entries with two numbers listed, the numbers in parentheses indicate the number of resources of the given type used by the specific entity alone. The numbers listed outside of parentheses indicate the total resources of the given type used by the specific entity and all of its sub-entities in the hierarchy.


+------------------------------------------------------+
; General Register Statistics                          ;
+----------------------------------------------+-------+
; Statistic                                    ; Value ;
+----------------------------------------------+-------+
; Total registers                              ; 56    ;
; Number of registers using Synchronous Clear  ; 1     ;
; Number of registers using Synchronous Load   ; 0     ;
; Number of registers using Asynchronous Clear ; 8     ;
; Number of registers using Asynchronous Load  ; 0     ;
; Number of registers using Clock Enable       ; 8     ;
; Number of registers using Preset             ; 0     ;
+----------------------------------------------+-------+


+----------------------------------------------------------------------+
; Source assignments for debounce:inst7|lpm_add_sub:Add0|addcore:adder ;
+---------------------------+-------+------+---------------------------+
; Assignment                ; Value ; From ; To                        ;
+---------------------------+-------+------+---------------------------+
; SUPPRESS_DA_RULE_INTERNAL ; A103  ; -    ; -                         ;
+---------------------------+-------+------+---------------------------+


+-------------------------------------------------------------------------+
; Source assignments for divfreq1Hz:inst10|lpm_add_sub:Add0|addcore:adder ;
+---------------------------+-------+------+------------------------------+
; Assignment                ; Value ; From ; To                           ;
+---------------------------+-------+------+------------------------------+
; SUPPRESS_DA_RULE_INTERNAL ; A103  ; -    ; -                            ;
+---------------------------+-------+------+------------------------------+


+-------------------------------------------------------------+
; Parameter Settings for User Entity Instance: debounce:inst7 ;
+----------------+-------+------------------------------------+
; Parameter Name ; Value ; Type                               ;
+----------------+-------+------------------------------------+
; counter_size   ; 19    ; Signed Integer                     ;
+----------------+-------+------------------------------------+
Note: In order to hide this table in the UI and the text report file, please set the "Show Parameter Settings Tables in Synthesis Report" option in "Analysis and Synthesis Settings -> More Settings" to "Off".


+----------------------------------------------------------------------------------+
; Parameter Settings for Inferred Entity Instance: debounce:inst7|lpm_add_sub:Add0 ;
+------------------------+-------------+-------------------------------------------+
; Parameter Name         ; Value       ; Type                                      ;
+------------------------+-------------+-------------------------------------------+
; LPM_WIDTH              ; 20          ; Untyped                                   ;
; LPM_REPRESENTATION     ; UNSIGNED    ; Untyped                                   ;
; LPM_DIRECTION          ; ADD         ; Untyped                                   ;
; ONE_INPUT_IS_CONSTANT  ; YES         ; Untyped                                   ;
; LPM_PIPELINE           ; 0           ; Untyped                                   ;
; MAXIMIZE_SPEED         ; 5           ; Untyped                                   ;
; REGISTERED_AT_END      ; 0           ; Untyped                                   ;
; OPTIMIZE_FOR_SPEED     ; 9           ; Untyped                                   ;
; USE_CS_BUFFERS         ; 1           ; Untyped                                   ;
; CARRY_CHAIN            ; MANUAL      ; Untyped                                   ;
; CARRY_CHAIN_LENGTH     ; 48          ; CARRY_CHAIN_LENGTH                        ;
; DEVICE_FAMILY          ; FLEX10K     ; Untyped                                   ;
; USE_WYS                ; OFF         ; Untyped                                   ;
; STYLE                  ; FAST        ; Untyped                                   ;
; CBXI_PARAMETER         ; add_sub_poh ; Untyped                                   ;
; AUTO_CARRY_CHAINS      ; ON          ; AUTO_CARRY                                ;
; IGNORE_CARRY_BUFFERS   ; OFF         ; IGNORE_CARRY                              ;
; AUTO_CASCADE_CHAINS    ; ON          ; AUTO_CASCADE                              ;
; IGNORE_CASCADE_BUFFERS ; OFF         ; IGNORE_CASCADE                            ;
+------------------------+-------------+-------------------------------------------+
Note: In order to hide this table in the UI and the text report file, please set the "Show Parameter Settings Tables in Synthesis Report" option in "Analysis and Synthesis Settings -> More Settings" to "Off".


+-------------------------------------------------------------------------------------+
; Parameter Settings for Inferred Entity Instance: divfreq1Hz:inst10|lpm_add_sub:Add0 ;
+------------------------+-------------+----------------------------------------------+
; Parameter Name         ; Value       ; Type                                         ;
+------------------------+-------------+----------------------------------------------+
; LPM_WIDTH              ; 24          ; Untyped                                      ;
; LPM_REPRESENTATION     ; UNSIGNED    ; Untyped                                      ;
; LPM_DIRECTION          ; ADD         ; Untyped                                      ;
; ONE_INPUT_IS_CONSTANT  ; YES         ; Untyped                                      ;
; LPM_PIPELINE           ; 0           ; Untyped                                      ;
; MAXIMIZE_SPEED         ; 5           ; Untyped                                      ;
; REGISTERED_AT_END      ; 0           ; Untyped                                      ;
; OPTIMIZE_FOR_SPEED     ; 9           ; Untyped                                      ;
; USE_CS_BUFFERS         ; 1           ; Untyped                                      ;
; CARRY_CHAIN            ; MANUAL      ; Untyped                                      ;
; CARRY_CHAIN_LENGTH     ; 48          ; CARRY_CHAIN_LENGTH                           ;
; DEVICE_FAMILY          ; FLEX10K     ; Untyped                                      ;
; USE_WYS                ; OFF         ; Untyped                                      ;
; STYLE                  ; FAST        ; Untyped                                      ;
; CBXI_PARAMETER         ; add_sub_toh ; Untyped                                      ;
; AUTO_CARRY_CHAINS      ; ON          ; AUTO_CARRY                                   ;
; IGNORE_CARRY_BUFFERS   ; OFF         ; IGNORE_CARRY                                 ;
; AUTO_CASCADE_CHAINS    ; ON          ; AUTO_CASCADE                                 ;
; IGNORE_CASCADE_BUFFERS ; OFF         ; IGNORE_CASCADE                               ;
+------------------------+-------------+----------------------------------------------+
Note: In order to hide this table in the UI and the text report file, please set the "Show Parameter Settings Tables in Synthesis Report" option in "Analysis and Synthesis Settings -> More Settings" to "Off".


+-------------------------------+
; Analysis & Synthesis Messages ;
+-------------------------------+
Info: *******************************************************************
Info: Running Quartus II Analysis & Synthesis
    Info: Version 9.0 Build 235 06/17/2009 Service Pack 2 SJ Web Edition
    Info: Processing started: Thu May 17 09:39:15 2018
Info: Command: quartus_map --read_settings_files=on --write_settings_files=off Contadores -c Contadores
Info: Found 2 design units, including 1 entities, in source file debounce.vhd
    Info: Found design unit 1: debounce-logic
    Info: Found entity 1: debounce
Info: Found 2 design units, including 1 entities, in source file divfreq1Hz.vhd
    Info: Found design unit 1: divfreq1Hz-Behavioral
    Info: Found entity 1: divfreq1Hz
Info: Found 1 design units, including 1 entities, in source file Contadores.bdf
    Info: Found entity 1: Contadores
Warning: Can't analyze file -- file F:/study/gcc113-digitais/contador/contadoMod10.bdf is missing
Info: Elaborating entity "Contadores" for the top level hierarchy
Info: Elaborating entity "7447" for hierarchy "7447:inst2"
Info: Elaborated megafunction instantiation "7447:inst2"
Warning: Using design file contadorMod10.bdf, which is not specified as a design file for the current project, but contains definitions for 1 design units and 1 entities in project
    Info: Found entity 1: contadorMod10
Info: Elaborating entity "contadorMod10" for hierarchy "contadorMod10:inst6"
Warning: Block or symbol "AND2" of instance "inst18" overlaps another block or symbol
Info: Elaborating entity "divfreq1Hz" for hierarchy "divfreq1Hz:inst10"
Info: Elaborating entity "debounce" for hierarchy "debounce:inst7"
Info: Inferred 2 megafunctions from design logic
    Info: Inferred adder/subtractor megafunction ("lpm_add_sub") from the following logic: "debounce:inst7|Add0"
    Info: Inferred adder/subtractor megafunction ("lpm_add_sub") from the following logic: "divfreq1Hz:inst10|Add0"
Info: Elaborated megafunction instantiation "debounce:inst7|lpm_add_sub:Add0"
Info: Instantiated megafunction "debounce:inst7|lpm_add_sub:Add0" with the following parameter:
    Info: Parameter "LPM_WIDTH" = "20"
    Info: Parameter "LPM_DIRECTION" = "ADD"
    Info: Parameter "LPM_REPRESENTATION" = "UNSIGNED"
    Info: Parameter "ONE_INPUT_IS_CONSTANT" = "YES"
Info: Elaborated megafunction instantiation "debounce:inst7|lpm_add_sub:Add0|addcore:adder", which is child of megafunction instantiation "debounce:inst7|lpm_add_sub:Add0"
Info: Elaborated megafunction instantiation "debounce:inst7|lpm_add_sub:Add0|addcore:adder|a_csnbuffer:oflow_node", which is child of megafunction instantiation "debounce:inst7|lpm_add_sub:Add0"
Info: Elaborated megafunction instantiation "debounce:inst7|lpm_add_sub:Add0|addcore:adder|a_csnbuffer:result_node", which is child of megafunction instantiation "debounce:inst7|lpm_add_sub:Add0"
Info: Elaborated megafunction instantiation "debounce:inst7|lpm_add_sub:Add0|altshift:result_ext_latency_ffs", which is child of megafunction instantiation "debounce:inst7|lpm_add_sub:Add0"
Info: Elaborated megafunction instantiation "debounce:inst7|lpm_add_sub:Add0|altshift:carry_ext_latency_ffs", which is child of megafunction instantiation "debounce:inst7|lpm_add_sub:Add0"
Info: Elaborated megafunction instantiation "divfreq1Hz:inst10|lpm_add_sub:Add0"
Info: Instantiated megafunction "divfreq1Hz:inst10|lpm_add_sub:Add0" with the following parameter:
    Info: Parameter "LPM_WIDTH" = "24"
    Info: Parameter "LPM_DIRECTION" = "ADD"
    Info: Parameter "LPM_REPRESENTATION" = "UNSIGNED"
    Info: Parameter "ONE_INPUT_IS_CONSTANT" = "YES"
Info: Elaborated megafunction instantiation "divfreq1Hz:inst10|lpm_add_sub:Add0|addcore:adder", which is child of megafunction instantiation "divfreq1Hz:inst10|lpm_add_sub:Add0"
Info: Elaborated megafunction instantiation "divfreq1Hz:inst10|lpm_add_sub:Add0|addcore:adder|a_csnbuffer:oflow_node", which is child of megafunction instantiation "divfreq1Hz:inst10|lpm_add_sub:Add0"
Info: Elaborated megafunction instantiation "divfreq1Hz:inst10|lpm_add_sub:Add0|addcore:adder|a_csnbuffer:result_node", which is child of megafunction instantiation "divfreq1Hz:inst10|lpm_add_sub:Add0"
Info: Elaborated megafunction instantiation "divfreq1Hz:inst10|lpm_add_sub:Add0|altshift:result_ext_latency_ffs", which is child of megafunction instantiation "divfreq1Hz:inst10|lpm_add_sub:Add0"
Info: Implemented 146 device resources after synthesis - the final resource count might be different
    Info: Implemented 2 input pins
    Info: Implemented 14 output pins
    Info: Implemented 130 logic cells
Info: Quartus II Analysis & Synthesis was successful. 0 errors, 3 warnings
    Info: Peak virtual memory: 302 megabytes
    Info: Processing ended: Thu May 17 09:39:20 2018
    Info: Elapsed time: 00:00:05
    Info: Total CPU time (on all processors): 00:00:02


