Classic Timing Analyzer report for Contadores
Thu May 17 09:39:28 2018
Quartus II Version 9.0 Build 235 06/17/2009 Service Pack 2 SJ Web Edition


---------------------
; Table of Contents ;
---------------------
  1. Legal Notice
  2. Timing Analyzer Summary
  3. Timing Analyzer Settings
  4. Clock Settings Summary
  5. Parallel Compilation
  6. Clock Setup: 'GCLK'
  7. tsu
  8. tco
  9. th
 10. Timing Analyzer Messages



----------------
; Legal Notice ;
----------------
Copyright (C) 1991-2009 Altera Corporation
Your use of Altera Corporation's design tools, logic functions 
and other software and tools, and its AMPP partner logic 
functions, and any output files from any of the foregoing 
(including device programming or simulation files), and any 
associated documentation or information are expressly subject 
to the terms and conditions of the Altera Program License 
Subscription Agreement, Altera MegaCore Function License 
Agreement, or other applicable license agreement, including, 
without limitation, that your use is for the sole purpose of 
programming logic devices manufactured by Altera and sold by 
Altera or its authorized distributors.  Please refer to the 
applicable agreement for further details.



+-----------------------------------------------------------------------------------------------------------------------------------------------------------------------------------------------+
; Timing Analyzer Summary                                                                                                                                                                       ;
+------------------------------+-------+---------------+----------------------------------+------------------------------+-------------------------------+------------+----------+--------------+
; Type                         ; Slack ; Required Time ; Actual Time                      ; From                         ; To                            ; From Clock ; To Clock ; Failed Paths ;
+------------------------------+-------+---------------+----------------------------------+------------------------------+-------------------------------+------------+----------+--------------+
; Worst-case tsu               ; N/A   ; None          ; 8.000 ns                         ; FLEX_PB1                     ; debounce:inst7|flipflops[0]   ; --         ; GCLK     ; 0            ;
; Worst-case tco               ; N/A   ; None          ; 32.300 ns                        ; contadorMod10:inst6|inst4    ; FLEX_DIGIT1[0]                ; GCLK       ; --       ; 0            ;
; Worst-case th                ; N/A   ; None          ; -3.900 ns                        ; FLEX_PB1                     ; debounce:inst7|flipflops[0]   ; --         ; GCLK     ; 0            ;
; Clock Setup: 'GCLK'          ; N/A   ; None          ; 51.02 MHz ( period = 19.600 ns ) ; divfreq1Hz:inst10|counter[1] ; divfreq1Hz:inst10|counter[23] ; GCLK       ; GCLK     ; 0            ;
; Total number of failed paths ;       ;               ;                                  ;                              ;                               ;            ;          ; 0            ;
+------------------------------+-------+---------------+----------------------------------+------------------------------+-------------------------------+------------+----------+--------------+


+--------------------------------------------------------------------------------------------------------------------+
; Timing Analyzer Settings                                                                                           ;
+---------------------------------------------------------------------+--------------------+------+----+-------------+
; Option                                                              ; Setting            ; From ; To ; Entity Name ;
+---------------------------------------------------------------------+--------------------+------+----+-------------+
; Device Name                                                         ; EPF10K20RC240-4    ;      ;    ;             ;
; Timing Models                                                       ; Final              ;      ;    ;             ;
; Default hold multicycle                                             ; Same as Multicycle ;      ;    ;             ;
; Cut paths between unrelated clock domains                           ; On                 ;      ;    ;             ;
; Cut off read during write signal paths                              ; On                 ;      ;    ;             ;
; Cut off feedback from I/O pins                                      ; On                 ;      ;    ;             ;
; Report Combined Fast/Slow Timing                                    ; Off                ;      ;    ;             ;
; Ignore Clock Settings                                               ; Off                ;      ;    ;             ;
; Analyze latches as synchronous elements                             ; On                 ;      ;    ;             ;
; Enable Recovery/Removal analysis                                    ; Off                ;      ;    ;             ;
; Enable Clock Latency                                                ; Off                ;      ;    ;             ;
; Use TimeQuest Timing Analyzer                                       ; Off                ;      ;    ;             ;
; Minimum Core Junction Temperature                                   ; 0                  ;      ;    ;             ;
; Maximum Core Junction Temperature                                   ; 85                 ;      ;    ;             ;
; Number of source nodes to report per destination node               ; 10                 ;      ;    ;             ;
; Number of destination nodes to report                               ; 10                 ;      ;    ;             ;
; Number of paths to report                                           ; 200                ;      ;    ;             ;
; Report Minimum Timing Checks                                        ; Off                ;      ;    ;             ;
; Use Fast Timing Models                                              ; Off                ;      ;    ;             ;
; Report IO Paths Separately                                          ; Off                ;      ;    ;             ;
; Perform Multicorner Analysis                                        ; Off                ;      ;    ;             ;
; Reports the worst-case path for each clock domain and analysis      ; Off                ;      ;    ;             ;
; Removes common clock path pessimism (CCPP) during slack computation ; Off                ;      ;    ;             ;
; Output I/O Timing Endpoint                                          ; Near End           ;      ;    ;             ;
+---------------------------------------------------------------------+--------------------+------+----+-------------+


+------------------------------------------------------------------------------------------------------------------------------------------------------------------------------------+
; Clock Settings Summary                                                                                                                                                             ;
+-----------------+--------------------+----------+------------------+---------------+--------------+----------+-----------------------+---------------------+--------+--------------+
; Clock Node Name ; Clock Setting Name ; Type     ; Fmax Requirement ; Early Latency ; Late Latency ; Based on ; Multiply Base Fmax by ; Divide Base Fmax by ; Offset ; Phase offset ;
+-----------------+--------------------+----------+------------------+---------------+--------------+----------+-----------------------+---------------------+--------+--------------+
; GCLK            ;                    ; User Pin ; None             ; 0.000 ns      ; 0.000 ns     ; --       ; N/A                   ; N/A                 ; N/A    ;              ;
+-----------------+--------------------+----------+------------------+---------------+--------------+----------+-----------------------+---------------------+--------+--------------+


Parallel compilation was disabled, but you have multiple processors available. Enable parallel compilation to reduce compilation time.
+-------------------------------------+
; Parallel Compilation                ;
+----------------------------+--------+
; Processors                 ; Number ;
+----------------------------+--------+
; Number detected on machine ; 2      ;
; Maximum allowed            ; 1      ;
+----------------------------+--------+


+-----------------------------------------------------------------------------------------------------------------------------------------------------------------------------------------------------------------------------------------------------------------------------+
; Clock Setup: 'GCLK'                                                                                                                                                                                                                                                         ;
+-----------------------------------------+-----------------------------------------------------+--------------------------------+--------------------------------+------------+----------+-----------------------------+---------------------------+-------------------------+
; Slack                                   ; Actual fmax (period)                                ; From                           ; To                             ; From Clock ; To Clock ; Required Setup Relationship ; Required Longest P2P Time ; Actual Longest P2P Time ;
+-----------------------------------------+-----------------------------------------------------+--------------------------------+--------------------------------+------------+----------+-----------------------------+---------------------------+-------------------------+
; N/A                                     ; 51.02 MHz ( period = 19.600 ns )                    ; divfreq1Hz:inst10|counter[1]   ; divfreq1Hz:inst10|counter[23]  ; GCLK       ; GCLK     ; None                        ; None                      ; 16.000 ns               ;
; N/A                                     ; 51.81 MHz ( period = 19.300 ns )                    ; divfreq1Hz:inst10|counter[1]   ; divfreq1Hz:inst10|counter[22]  ; GCLK       ; GCLK     ; None                        ; None                      ; 15.700 ns               ;
; N/A                                     ; 51.81 MHz ( period = 19.300 ns )                    ; divfreq1Hz:inst10|counter[2]   ; divfreq1Hz:inst10|counter[23]  ; GCLK       ; GCLK     ; None                        ; None                      ; 15.700 ns               ;
; N/A                                     ; 52.63 MHz ( period = 19.000 ns )                    ; divfreq1Hz:inst10|counter[1]   ; divfreq1Hz:inst10|counter[21]  ; GCLK       ; GCLK     ; None                        ; None                      ; 15.400 ns               ;
; N/A                                     ; 52.63 MHz ( period = 19.000 ns )                    ; divfreq1Hz:inst10|counter[2]   ; divfreq1Hz:inst10|counter[22]  ; GCLK       ; GCLK     ; None                        ; None                      ; 15.400 ns               ;
; N/A                                     ; 52.63 MHz ( period = 19.000 ns )                    ; divfreq1Hz:inst10|counter[4]   ; divfreq1Hz:inst10|counter[23]  ; GCLK       ; GCLK     ; None                        ; None                      ; 15.400 ns               ;
; N/A                                     ; 52.63 MHz ( period = 19.000 ns )                    ; divfreq1Hz:inst10|counter[3]   ; divfreq1Hz:inst10|counter[23]  ; GCLK       ; GCLK     ; None                        ; None                      ; 15.400 ns               ;
; N/A                                     ; 53.19 MHz ( period = 18.800 ns )                    ; debounce:inst7|counter_out[1]  ; debounce:inst7|counter_out[19] ; GCLK       ; GCLK     ; None                        ; None                      ; 15.200 ns               ;
; N/A                                     ; 53.48 MHz ( period = 18.700 ns )                    ; divfreq1Hz:inst10|counter[1]   ; divfreq1Hz:inst10|counter[20]  ; GCLK       ; GCLK     ; None                        ; None                      ; 15.100 ns               ;
; N/A                                     ; 53.48 MHz ( period = 18.700 ns )                    ; divfreq1Hz:inst10|counter[2]   ; divfreq1Hz:inst10|counter[21]  ; GCLK       ; GCLK     ; None                        ; None                      ; 15.100 ns               ;
; N/A                                     ; 53.48 MHz ( period = 18.700 ns )                    ; divfreq1Hz:inst10|counter[4]   ; divfreq1Hz:inst10|counter[22]  ; GCLK       ; GCLK     ; None                        ; None                      ; 15.100 ns               ;
; N/A                                     ; 53.48 MHz ( period = 18.700 ns )                    ; divfreq1Hz:inst10|counter[3]   ; divfreq1Hz:inst10|counter[22]  ; GCLK       ; GCLK     ; None                        ; None                      ; 15.100 ns               ;
; N/A                                     ; 53.76 MHz ( period = 18.600 ns )                    ; debounce:inst7|counter_out[1]  ; debounce:inst7|counter_out[18] ; GCLK       ; GCLK     ; None                        ; None                      ; 15.000 ns               ;
; N/A                                     ; 54.05 MHz ( period = 18.500 ns )                    ; debounce:inst7|counter_out[2]  ; debounce:inst7|counter_out[19] ; GCLK       ; GCLK     ; None                        ; None                      ; 14.900 ns               ;
; N/A                                     ; 54.05 MHz ( period = 18.500 ns )                    ; divfreq1Hz:inst10|counter[1]   ; divfreq1Hz:inst10|counter[18]  ; GCLK       ; GCLK     ; None                        ; None                      ; 14.900 ns               ;
; N/A                                     ; 54.35 MHz ( period = 18.400 ns )                    ; divfreq1Hz:inst10|counter[2]   ; divfreq1Hz:inst10|counter[20]  ; GCLK       ; GCLK     ; None                        ; None                      ; 14.800 ns               ;
; N/A                                     ; 54.35 MHz ( period = 18.400 ns )                    ; divfreq1Hz:inst10|counter[4]   ; divfreq1Hz:inst10|counter[21]  ; GCLK       ; GCLK     ; None                        ; None                      ; 14.800 ns               ;
; N/A                                     ; 54.35 MHz ( period = 18.400 ns )                    ; divfreq1Hz:inst10|counter[3]   ; divfreq1Hz:inst10|counter[21]  ; GCLK       ; GCLK     ; None                        ; None                      ; 14.800 ns               ;
; N/A                                     ; 54.35 MHz ( period = 18.400 ns )                    ; divfreq1Hz:inst10|counter[5]   ; divfreq1Hz:inst10|counter[23]  ; GCLK       ; GCLK     ; None                        ; None                      ; 14.800 ns               ;
; N/A                                     ; 54.35 MHz ( period = 18.400 ns )                    ; divfreq1Hz:inst10|counter[1]   ; divfreq1Hz:inst10|counter[19]  ; GCLK       ; GCLK     ; None                        ; None                      ; 14.800 ns               ;
; N/A                                     ; 54.64 MHz ( period = 18.300 ns )                    ; debounce:inst7|counter_out[2]  ; debounce:inst7|counter_out[18] ; GCLK       ; GCLK     ; None                        ; None                      ; 14.700 ns               ;
; N/A                                     ; 54.64 MHz ( period = 18.300 ns )                    ; divfreq1Hz:inst10|counter[0]   ; divfreq1Hz:inst10|counter[23]  ; GCLK       ; GCLK     ; None                        ; None                      ; 14.700 ns               ;
; N/A                                     ; 54.95 MHz ( period = 18.200 ns )                    ; divfreq1Hz:inst10|counter[2]   ; divfreq1Hz:inst10|counter[18]  ; GCLK       ; GCLK     ; None                        ; None                      ; 14.600 ns               ;
; N/A                                     ; 55.25 MHz ( period = 18.100 ns )                    ; divfreq1Hz:inst10|counter[4]   ; divfreq1Hz:inst10|counter[20]  ; GCLK       ; GCLK     ; None                        ; None                      ; 14.500 ns               ;
; N/A                                     ; 55.25 MHz ( period = 18.100 ns )                    ; divfreq1Hz:inst10|counter[3]   ; divfreq1Hz:inst10|counter[20]  ; GCLK       ; GCLK     ; None                        ; None                      ; 14.500 ns               ;
; N/A                                     ; 55.25 MHz ( period = 18.100 ns )                    ; divfreq1Hz:inst10|counter[5]   ; divfreq1Hz:inst10|counter[22]  ; GCLK       ; GCLK     ; None                        ; None                      ; 14.500 ns               ;
; N/A                                     ; 55.25 MHz ( period = 18.100 ns )                    ; divfreq1Hz:inst10|counter[6]   ; divfreq1Hz:inst10|counter[23]  ; GCLK       ; GCLK     ; None                        ; None                      ; 14.500 ns               ;
; N/A                                     ; 55.25 MHz ( period = 18.100 ns )                    ; divfreq1Hz:inst10|counter[2]   ; divfreq1Hz:inst10|counter[19]  ; GCLK       ; GCLK     ; None                        ; None                      ; 14.500 ns               ;
; N/A                                     ; 55.56 MHz ( period = 18.000 ns )                    ; divfreq1Hz:inst10|counter[0]   ; divfreq1Hz:inst10|counter[22]  ; GCLK       ; GCLK     ; None                        ; None                      ; 14.400 ns               ;
; N/A                                     ; 55.56 MHz ( period = 18.000 ns )                    ; divfreq1Hz:inst10|counter[1]   ; divfreq1Hz:inst10|counter[16]  ; GCLK       ; GCLK     ; None                        ; None                      ; 14.400 ns               ;
; N/A                                     ; 55.87 MHz ( period = 17.900 ns )                    ; divfreq1Hz:inst10|counter[4]   ; divfreq1Hz:inst10|counter[18]  ; GCLK       ; GCLK     ; None                        ; None                      ; 14.300 ns               ;
; N/A                                     ; 55.87 MHz ( period = 17.900 ns )                    ; divfreq1Hz:inst10|counter[3]   ; divfreq1Hz:inst10|counter[18]  ; GCLK       ; GCLK     ; None                        ; None                      ; 14.300 ns               ;
; N/A                                     ; 55.87 MHz ( period = 17.900 ns )                    ; divfreq1Hz:inst10|counter[1]   ; divfreq1Hz:inst10|counter[17]  ; GCLK       ; GCLK     ; None                        ; None                      ; 14.300 ns               ;
; N/A                                     ; 56.18 MHz ( period = 17.800 ns )                    ; divfreq1Hz:inst10|counter[5]   ; divfreq1Hz:inst10|counter[21]  ; GCLK       ; GCLK     ; None                        ; None                      ; 14.200 ns               ;
; N/A                                     ; 56.18 MHz ( period = 17.800 ns )                    ; divfreq1Hz:inst10|counter[6]   ; divfreq1Hz:inst10|counter[22]  ; GCLK       ; GCLK     ; None                        ; None                      ; 14.200 ns               ;
; N/A                                     ; 56.18 MHz ( period = 17.800 ns )                    ; divfreq1Hz:inst10|counter[7]   ; divfreq1Hz:inst10|counter[23]  ; GCLK       ; GCLK     ; None                        ; None                      ; 14.200 ns               ;
; N/A                                     ; 56.18 MHz ( period = 17.800 ns )                    ; divfreq1Hz:inst10|counter[4]   ; divfreq1Hz:inst10|counter[19]  ; GCLK       ; GCLK     ; None                        ; None                      ; 14.200 ns               ;
; N/A                                     ; 56.18 MHz ( period = 17.800 ns )                    ; divfreq1Hz:inst10|counter[3]   ; divfreq1Hz:inst10|counter[19]  ; GCLK       ; GCLK     ; None                        ; None                      ; 14.200 ns               ;
; N/A                                     ; 56.50 MHz ( period = 17.700 ns )                    ; divfreq1Hz:inst10|counter[0]   ; divfreq1Hz:inst10|counter[21]  ; GCLK       ; GCLK     ; None                        ; None                      ; 14.100 ns               ;
; N/A                                     ; 56.50 MHz ( period = 17.700 ns )                    ; divfreq1Hz:inst10|counter[2]   ; divfreq1Hz:inst10|counter[16]  ; GCLK       ; GCLK     ; None                        ; None                      ; 14.100 ns               ;
; N/A                                     ; 56.50 MHz ( period = 17.700 ns )                    ; debounce:inst7|counter_out[1]  ; debounce:inst7|counter_out[15] ; GCLK       ; GCLK     ; None                        ; None                      ; 14.100 ns               ;
; N/A                                     ; 56.82 MHz ( period = 17.600 ns )                    ; divfreq1Hz:inst10|counter[9]   ; divfreq1Hz:inst10|temporal     ; GCLK       ; GCLK     ; None                        ; None                      ; 14.000 ns               ;
; N/A                                     ; 56.82 MHz ( period = 17.600 ns )                    ; debounce:inst7|counter_out[5]  ; debounce:inst7|counter_out[19] ; GCLK       ; GCLK     ; None                        ; None                      ; 14.000 ns               ;
; N/A                                     ; 56.82 MHz ( period = 17.600 ns )                    ; divfreq1Hz:inst10|counter[2]   ; divfreq1Hz:inst10|counter[17]  ; GCLK       ; GCLK     ; None                        ; None                      ; 14.000 ns               ;
; N/A                                     ; 57.14 MHz ( period = 17.500 ns )                    ; divfreq1Hz:inst10|counter[5]   ; divfreq1Hz:inst10|counter[20]  ; GCLK       ; GCLK     ; None                        ; None                      ; 13.900 ns               ;
; N/A                                     ; 57.14 MHz ( period = 17.500 ns )                    ; divfreq1Hz:inst10|counter[6]   ; divfreq1Hz:inst10|counter[21]  ; GCLK       ; GCLK     ; None                        ; None                      ; 13.900 ns               ;
; N/A                                     ; 57.14 MHz ( period = 17.500 ns )                    ; divfreq1Hz:inst10|counter[7]   ; divfreq1Hz:inst10|counter[22]  ; GCLK       ; GCLK     ; None                        ; None                      ; 13.900 ns               ;
; N/A                                     ; 57.47 MHz ( period = 17.400 ns )                    ; debounce:inst7|counter_out[5]  ; debounce:inst7|counter_out[18] ; GCLK       ; GCLK     ; None                        ; None                      ; 13.800 ns               ;
; N/A                                     ; 57.47 MHz ( period = 17.400 ns )                    ; divfreq1Hz:inst10|counter[0]   ; divfreq1Hz:inst10|counter[20]  ; GCLK       ; GCLK     ; None                        ; None                      ; 13.800 ns               ;
; N/A                                     ; 57.47 MHz ( period = 17.400 ns )                    ; divfreq1Hz:inst10|counter[4]   ; divfreq1Hz:inst10|counter[16]  ; GCLK       ; GCLK     ; None                        ; None                      ; 13.800 ns               ;
; N/A                                     ; 57.47 MHz ( period = 17.400 ns )                    ; divfreq1Hz:inst10|counter[3]   ; divfreq1Hz:inst10|counter[16]  ; GCLK       ; GCLK     ; None                        ; None                      ; 13.800 ns               ;
; N/A                                     ; 57.47 MHz ( period = 17.400 ns )                    ; debounce:inst7|counter_out[2]  ; debounce:inst7|counter_out[15] ; GCLK       ; GCLK     ; None                        ; None                      ; 13.800 ns               ;
; N/A                                     ; 57.47 MHz ( period = 17.400 ns )                    ; debounce:inst7|counter_out[1]  ; debounce:inst7|counter_out[14] ; GCLK       ; GCLK     ; None                        ; None                      ; 13.800 ns               ;
; N/A                                     ; 57.80 MHz ( period = 17.300 ns )                    ; divfreq1Hz:inst10|counter[5]   ; divfreq1Hz:inst10|counter[18]  ; GCLK       ; GCLK     ; None                        ; None                      ; 13.700 ns               ;
; N/A                                     ; 57.80 MHz ( period = 17.300 ns )                    ; divfreq1Hz:inst10|counter[4]   ; divfreq1Hz:inst10|counter[17]  ; GCLK       ; GCLK     ; None                        ; None                      ; 13.700 ns               ;
; N/A                                     ; 57.80 MHz ( period = 17.300 ns )                    ; divfreq1Hz:inst10|counter[3]   ; divfreq1Hz:inst10|counter[17]  ; GCLK       ; GCLK     ; None                        ; None                      ; 13.700 ns               ;
; N/A                                     ; 58.14 MHz ( period = 17.200 ns )                    ; divfreq1Hz:inst10|counter[6]   ; divfreq1Hz:inst10|counter[20]  ; GCLK       ; GCLK     ; None                        ; None                      ; 13.600 ns               ;
; N/A                                     ; 58.14 MHz ( period = 17.200 ns )                    ; divfreq1Hz:inst10|counter[7]   ; divfreq1Hz:inst10|counter[21]  ; GCLK       ; GCLK     ; None                        ; None                      ; 13.600 ns               ;
; N/A                                     ; 58.14 MHz ( period = 17.200 ns )                    ; divfreq1Hz:inst10|counter[5]   ; divfreq1Hz:inst10|counter[19]  ; GCLK       ; GCLK     ; None                        ; None                      ; 13.600 ns               ;
; N/A                                     ; 58.14 MHz ( period = 17.200 ns )                    ; divfreq1Hz:inst10|counter[0]   ; divfreq1Hz:inst10|counter[18]  ; GCLK       ; GCLK     ; None                        ; None                      ; 13.600 ns               ;
; N/A                                     ; 58.48 MHz ( period = 17.100 ns )                    ; divfreq1Hz:inst10|counter[0]   ; divfreq1Hz:inst10|counter[19]  ; GCLK       ; GCLK     ; None                        ; None                      ; 13.500 ns               ;
; N/A                                     ; 58.48 MHz ( period = 17.100 ns )                    ; debounce:inst7|counter_out[2]  ; debounce:inst7|counter_out[14] ; GCLK       ; GCLK     ; None                        ; None                      ; 13.500 ns               ;
; N/A                                     ; 58.82 MHz ( period = 17.000 ns )                    ; divfreq1Hz:inst10|counter[11]  ; divfreq1Hz:inst10|temporal     ; GCLK       ; GCLK     ; None                        ; None                      ; 13.400 ns               ;
; N/A                                     ; 58.82 MHz ( period = 17.000 ns )                    ; divfreq1Hz:inst10|counter[10]  ; divfreq1Hz:inst10|temporal     ; GCLK       ; GCLK     ; None                        ; None                      ; 13.400 ns               ;
; N/A                                     ; 58.82 MHz ( period = 17.000 ns )                    ; divfreq1Hz:inst10|counter[16]  ; divfreq1Hz:inst10|temporal     ; GCLK       ; GCLK     ; None                        ; None                      ; 13.400 ns               ;
; N/A                                     ; 58.82 MHz ( period = 17.000 ns )                    ; divfreq1Hz:inst10|counter[6]   ; divfreq1Hz:inst10|counter[18]  ; GCLK       ; GCLK     ; None                        ; None                      ; 13.400 ns               ;
; N/A                                     ; 59.17 MHz ( period = 16.900 ns )                    ; divfreq1Hz:inst10|counter[18]  ; divfreq1Hz:inst10|temporal     ; GCLK       ; GCLK     ; None                        ; None                      ; 13.300 ns               ;
; N/A                                     ; 59.17 MHz ( period = 16.900 ns )                    ; debounce:inst7|counter_out[0]  ; debounce:inst7|counter_out[19] ; GCLK       ; GCLK     ; None                        ; None                      ; 13.300 ns               ;
; N/A                                     ; 59.17 MHz ( period = 16.900 ns )                    ; divfreq1Hz:inst10|counter[7]   ; divfreq1Hz:inst10|counter[20]  ; GCLK       ; GCLK     ; None                        ; None                      ; 13.300 ns               ;
; N/A                                     ; 59.17 MHz ( period = 16.900 ns )                    ; divfreq1Hz:inst10|counter[6]   ; divfreq1Hz:inst10|counter[19]  ; GCLK       ; GCLK     ; None                        ; None                      ; 13.300 ns               ;
; N/A                                     ; 59.52 MHz ( period = 16.800 ns )                    ; divfreq1Hz:inst10|counter[1]   ; divfreq1Hz:inst10|counter[15]  ; GCLK       ; GCLK     ; None                        ; None                      ; 13.200 ns               ;
; N/A                                     ; 59.52 MHz ( period = 16.800 ns )                    ; divfreq1Hz:inst10|counter[10]  ; divfreq1Hz:inst10|counter[23]  ; GCLK       ; GCLK     ; None                        ; None                      ; 13.200 ns               ;
; N/A                                     ; 59.52 MHz ( period = 16.800 ns )                    ; divfreq1Hz:inst10|counter[5]   ; divfreq1Hz:inst10|counter[16]  ; GCLK       ; GCLK     ; None                        ; None                      ; 13.200 ns               ;
; N/A                                     ; 59.88 MHz ( period = 16.700 ns )                    ; divfreq1Hz:inst10|counter[4]   ; divfreq1Hz:inst10|temporal     ; GCLK       ; GCLK     ; None                        ; None                      ; 13.100 ns               ;
; N/A                                     ; 59.88 MHz ( period = 16.700 ns )                    ; debounce:inst7|counter_out[0]  ; debounce:inst7|counter_out[18] ; GCLK       ; GCLK     ; None                        ; None                      ; 13.100 ns               ;
; N/A                                     ; 59.88 MHz ( period = 16.700 ns )                    ; debounce:inst7|counter_out[1]  ; debounce:inst7|counter_out[17] ; GCLK       ; GCLK     ; None                        ; None                      ; 13.100 ns               ;
; N/A                                     ; 59.88 MHz ( period = 16.700 ns )                    ; divfreq1Hz:inst10|counter[7]   ; divfreq1Hz:inst10|counter[18]  ; GCLK       ; GCLK     ; None                        ; None                      ; 13.100 ns               ;
; N/A                                     ; 59.88 MHz ( period = 16.700 ns )                    ; divfreq1Hz:inst10|counter[5]   ; divfreq1Hz:inst10|counter[17]  ; GCLK       ; GCLK     ; None                        ; None                      ; 13.100 ns               ;
; N/A                                     ; 59.88 MHz ( period = 16.700 ns )                    ; divfreq1Hz:inst10|counter[0]   ; divfreq1Hz:inst10|counter[16]  ; GCLK       ; GCLK     ; None                        ; None                      ; 13.100 ns               ;
; N/A                                     ; 60.24 MHz ( period = 16.600 ns )                    ; debounce:inst7|counter_out[3]  ; debounce:inst7|counter_out[19] ; GCLK       ; GCLK     ; None                        ; None                      ; 13.000 ns               ;
; N/A                                     ; 60.24 MHz ( period = 16.600 ns )                    ; divfreq1Hz:inst10|counter[8]   ; divfreq1Hz:inst10|counter[23]  ; GCLK       ; GCLK     ; None                        ; None                      ; 13.000 ns               ;
; N/A                                     ; 60.24 MHz ( period = 16.600 ns )                    ; divfreq1Hz:inst10|counter[9]   ; divfreq1Hz:inst10|counter[23]  ; GCLK       ; GCLK     ; None                        ; None                      ; 13.000 ns               ;
; N/A                                     ; 60.24 MHz ( period = 16.600 ns )                    ; divfreq1Hz:inst10|counter[7]   ; divfreq1Hz:inst10|counter[19]  ; GCLK       ; GCLK     ; None                        ; None                      ; 13.000 ns               ;
; N/A                                     ; 60.24 MHz ( period = 16.600 ns )                    ; divfreq1Hz:inst10|counter[0]   ; divfreq1Hz:inst10|counter[17]  ; GCLK       ; GCLK     ; None                        ; None                      ; 13.000 ns               ;
; N/A                                     ; 60.61 MHz ( period = 16.500 ns )                    ; divfreq1Hz:inst10|counter[1]   ; divfreq1Hz:inst10|temporal     ; GCLK       ; GCLK     ; None                        ; None                      ; 12.900 ns               ;
; N/A                                     ; 60.61 MHz ( period = 16.500 ns )                    ; divfreq1Hz:inst10|counter[17]  ; divfreq1Hz:inst10|temporal     ; GCLK       ; GCLK     ; None                        ; None                      ; 12.900 ns               ;
; N/A                                     ; 60.61 MHz ( period = 16.500 ns )                    ; debounce:inst7|counter_out[6]  ; debounce:inst7|counter_out[19] ; GCLK       ; GCLK     ; None                        ; None                      ; 12.900 ns               ;
; N/A                                     ; 60.61 MHz ( period = 16.500 ns )                    ; divfreq1Hz:inst10|counter[1]   ; divfreq1Hz:inst10|counter[14]  ; GCLK       ; GCLK     ; None                        ; None                      ; 12.900 ns               ;
; N/A                                     ; 60.61 MHz ( period = 16.500 ns )                    ; divfreq1Hz:inst10|counter[2]   ; divfreq1Hz:inst10|counter[15]  ; GCLK       ; GCLK     ; None                        ; None                      ; 12.900 ns               ;
; N/A                                     ; 60.61 MHz ( period = 16.500 ns )                    ; divfreq1Hz:inst10|counter[10]  ; divfreq1Hz:inst10|counter[22]  ; GCLK       ; GCLK     ; None                        ; None                      ; 12.900 ns               ;
; N/A                                     ; 60.61 MHz ( period = 16.500 ns )                    ; divfreq1Hz:inst10|counter[6]   ; divfreq1Hz:inst10|counter[16]  ; GCLK       ; GCLK     ; None                        ; None                      ; 12.900 ns               ;
; N/A                                     ; 60.61 MHz ( period = 16.500 ns )                    ; debounce:inst7|counter_out[5]  ; debounce:inst7|counter_out[15] ; GCLK       ; GCLK     ; None                        ; None                      ; 12.900 ns               ;
; N/A                                     ; 60.98 MHz ( period = 16.400 ns )                    ; debounce:inst7|counter_out[3]  ; debounce:inst7|counter_out[18] ; GCLK       ; GCLK     ; None                        ; None                      ; 12.800 ns               ;
; N/A                                     ; 60.98 MHz ( period = 16.400 ns )                    ; debounce:inst7|counter_out[2]  ; debounce:inst7|counter_out[17] ; GCLK       ; GCLK     ; None                        ; None                      ; 12.800 ns               ;
; N/A                                     ; 60.98 MHz ( period = 16.400 ns )                    ; divfreq1Hz:inst10|counter[11]  ; divfreq1Hz:inst10|counter[23]  ; GCLK       ; GCLK     ; None                        ; None                      ; 12.800 ns               ;
; N/A                                     ; 60.98 MHz ( period = 16.400 ns )                    ; divfreq1Hz:inst10|counter[6]   ; divfreq1Hz:inst10|counter[17]  ; GCLK       ; GCLK     ; None                        ; None                      ; 12.800 ns               ;
; N/A                                     ; 60.98 MHz ( period = 16.400 ns )                    ; debounce:inst7|counter_out[1]  ; debounce:inst7|counter_out[16] ; GCLK       ; GCLK     ; None                        ; None                      ; 12.800 ns               ;
; N/A                                     ; 61.35 MHz ( period = 16.300 ns )                    ; debounce:inst7|counter_out[4]  ; debounce:inst7|counter_out[19] ; GCLK       ; GCLK     ; None                        ; None                      ; 12.700 ns               ;
; N/A                                     ; 61.35 MHz ( period = 16.300 ns )                    ; debounce:inst7|counter_out[6]  ; debounce:inst7|counter_out[18] ; GCLK       ; GCLK     ; None                        ; None                      ; 12.700 ns               ;
; N/A                                     ; 61.35 MHz ( period = 16.300 ns )                    ; divfreq1Hz:inst10|counter[1]   ; divfreq1Hz:inst10|counter[13]  ; GCLK       ; GCLK     ; None                        ; None                      ; 12.700 ns               ;
; N/A                                     ; 61.35 MHz ( period = 16.300 ns )                    ; divfreq1Hz:inst10|counter[8]   ; divfreq1Hz:inst10|counter[22]  ; GCLK       ; GCLK     ; None                        ; None                      ; 12.700 ns               ;
; N/A                                     ; 61.35 MHz ( period = 16.300 ns )                    ; divfreq1Hz:inst10|counter[9]   ; divfreq1Hz:inst10|counter[22]  ; GCLK       ; GCLK     ; None                        ; None                      ; 12.700 ns               ;
; N/A                                     ; 61.35 MHz ( period = 16.300 ns )                    ; debounce:inst7|counter_out[1]  ; debounce:inst7|counter_out[13] ; GCLK       ; GCLK     ; None                        ; None                      ; 12.700 ns               ;
; N/A                                     ; 61.73 MHz ( period = 16.200 ns )                    ; divfreq1Hz:inst10|counter[13]  ; divfreq1Hz:inst10|temporal     ; GCLK       ; GCLK     ; None                        ; None                      ; 12.600 ns               ;
; N/A                                     ; 61.73 MHz ( period = 16.200 ns )                    ; debounce:inst7|counter_out[7]  ; debounce:inst7|counter_out[19] ; GCLK       ; GCLK     ; None                        ; None                      ; 12.600 ns               ;
; N/A                                     ; 61.73 MHz ( period = 16.200 ns )                    ; divfreq1Hz:inst10|counter[2]   ; divfreq1Hz:inst10|counter[14]  ; GCLK       ; GCLK     ; None                        ; None                      ; 12.600 ns               ;
; N/A                                     ; 61.73 MHz ( period = 16.200 ns )                    ; divfreq1Hz:inst10|counter[4]   ; divfreq1Hz:inst10|counter[15]  ; GCLK       ; GCLK     ; None                        ; None                      ; 12.600 ns               ;
; N/A                                     ; 61.73 MHz ( period = 16.200 ns )                    ; divfreq1Hz:inst10|counter[3]   ; divfreq1Hz:inst10|counter[15]  ; GCLK       ; GCLK     ; None                        ; None                      ; 12.600 ns               ;
; N/A                                     ; 61.73 MHz ( period = 16.200 ns )                    ; divfreq1Hz:inst10|counter[10]  ; divfreq1Hz:inst10|counter[21]  ; GCLK       ; GCLK     ; None                        ; None                      ; 12.600 ns               ;
; N/A                                     ; 61.73 MHz ( period = 16.200 ns )                    ; divfreq1Hz:inst10|counter[7]   ; divfreq1Hz:inst10|counter[16]  ; GCLK       ; GCLK     ; None                        ; None                      ; 12.600 ns               ;
; N/A                                     ; 61.73 MHz ( period = 16.200 ns )                    ; debounce:inst7|counter_out[5]  ; debounce:inst7|counter_out[14] ; GCLK       ; GCLK     ; None                        ; None                      ; 12.600 ns               ;
; N/A                                     ; 62.11 MHz ( period = 16.100 ns )                    ; divfreq1Hz:inst10|counter[14]  ; divfreq1Hz:inst10|temporal     ; GCLK       ; GCLK     ; None                        ; None                      ; 12.500 ns               ;
; N/A                                     ; 62.11 MHz ( period = 16.100 ns )                    ; debounce:inst7|counter_out[4]  ; debounce:inst7|counter_out[18] ; GCLK       ; GCLK     ; None                        ; None                      ; 12.500 ns               ;
; N/A                                     ; 62.11 MHz ( period = 16.100 ns )                    ; divfreq1Hz:inst10|counter[11]  ; divfreq1Hz:inst10|counter[22]  ; GCLK       ; GCLK     ; None                        ; None                      ; 12.500 ns               ;
; N/A                                     ; 62.11 MHz ( period = 16.100 ns )                    ; divfreq1Hz:inst10|counter[7]   ; divfreq1Hz:inst10|counter[17]  ; GCLK       ; GCLK     ; None                        ; None                      ; 12.500 ns               ;
; N/A                                     ; 62.11 MHz ( period = 16.100 ns )                    ; debounce:inst7|counter_out[2]  ; debounce:inst7|counter_out[16] ; GCLK       ; GCLK     ; None                        ; None                      ; 12.500 ns               ;
; N/A                                     ; 62.50 MHz ( period = 16.000 ns )                    ; divfreq1Hz:inst10|counter[15]  ; divfreq1Hz:inst10|temporal     ; GCLK       ; GCLK     ; None                        ; None                      ; 12.400 ns               ;
; N/A                                     ; 62.50 MHz ( period = 16.000 ns )                    ; debounce:inst7|counter_out[7]  ; debounce:inst7|counter_out[18] ; GCLK       ; GCLK     ; None                        ; None                      ; 12.400 ns               ;
; N/A                                     ; 62.50 MHz ( period = 16.000 ns )                    ; divfreq1Hz:inst10|counter[2]   ; divfreq1Hz:inst10|counter[13]  ; GCLK       ; GCLK     ; None                        ; None                      ; 12.400 ns               ;
; N/A                                     ; 62.50 MHz ( period = 16.000 ns )                    ; divfreq1Hz:inst10|counter[8]   ; divfreq1Hz:inst10|counter[21]  ; GCLK       ; GCLK     ; None                        ; None                      ; 12.400 ns               ;
; N/A                                     ; 62.50 MHz ( period = 16.000 ns )                    ; divfreq1Hz:inst10|counter[9]   ; divfreq1Hz:inst10|counter[21]  ; GCLK       ; GCLK     ; None                        ; None                      ; 12.400 ns               ;
; N/A                                     ; 62.50 MHz ( period = 16.000 ns )                    ; debounce:inst7|counter_out[2]  ; debounce:inst7|counter_out[13] ; GCLK       ; GCLK     ; None                        ; None                      ; 12.400 ns               ;
; N/A                                     ; 62.50 MHz ( period = 16.000 ns )                    ; debounce:inst7|counter_out[1]  ; debounce:inst7|counter_out[12] ; GCLK       ; GCLK     ; None                        ; None                      ; 12.400 ns               ;
; N/A                                     ; 62.89 MHz ( period = 15.900 ns )                    ; divfreq1Hz:inst10|counter[19]  ; divfreq1Hz:inst10|temporal     ; GCLK       ; GCLK     ; None                        ; None                      ; 12.300 ns               ;
; N/A                                     ; 62.89 MHz ( period = 15.900 ns )                    ; debounce:inst7|counter_out[8]  ; debounce:inst7|counter_out[19] ; GCLK       ; GCLK     ; None                        ; None                      ; 12.300 ns               ;
; N/A                                     ; 62.89 MHz ( period = 15.900 ns )                    ; divfreq1Hz:inst10|counter[4]   ; divfreq1Hz:inst10|counter[14]  ; GCLK       ; GCLK     ; None                        ; None                      ; 12.300 ns               ;
; N/A                                     ; 62.89 MHz ( period = 15.900 ns )                    ; divfreq1Hz:inst10|counter[3]   ; divfreq1Hz:inst10|counter[14]  ; GCLK       ; GCLK     ; None                        ; None                      ; 12.300 ns               ;
; N/A                                     ; 62.89 MHz ( period = 15.900 ns )                    ; divfreq1Hz:inst10|counter[10]  ; divfreq1Hz:inst10|counter[20]  ; GCLK       ; GCLK     ; None                        ; None                      ; 12.300 ns               ;
; N/A                                     ; 62.89 MHz ( period = 15.900 ns )                    ; divfreq1Hz:inst10|counter[13]  ; divfreq1Hz:inst10|counter[23]  ; GCLK       ; GCLK     ; None                        ; None                      ; 12.300 ns               ;
; N/A                                     ; 63.29 MHz ( period = 15.800 ns )                    ; divfreq1Hz:inst10|counter[7]   ; divfreq1Hz:inst10|temporal     ; GCLK       ; GCLK     ; None                        ; None                      ; 12.200 ns               ;
; N/A                                     ; 63.29 MHz ( period = 15.800 ns )                    ; divfreq1Hz:inst10|counter[8]   ; divfreq1Hz:inst10|temporal     ; GCLK       ; GCLK     ; None                        ; None                      ; 12.200 ns               ;
; N/A                                     ; 63.29 MHz ( period = 15.800 ns )                    ; divfreq1Hz:inst10|counter[0]   ; divfreq1Hz:inst10|temporal     ; GCLK       ; GCLK     ; None                        ; None                      ; 12.200 ns               ;
; N/A                                     ; 63.29 MHz ( period = 15.800 ns )                    ; divfreq1Hz:inst10|counter[11]  ; divfreq1Hz:inst10|counter[21]  ; GCLK       ; GCLK     ; None                        ; None                      ; 12.200 ns               ;
; N/A                                     ; 63.29 MHz ( period = 15.800 ns )                    ; debounce:inst7|counter_out[0]  ; debounce:inst7|counter_out[15] ; GCLK       ; GCLK     ; None                        ; None                      ; 12.200 ns               ;
; N/A                                     ; 63.69 MHz ( period = 15.700 ns )                    ; debounce:inst7|counter_out[8]  ; debounce:inst7|counter_out[18] ; GCLK       ; GCLK     ; None                        ; None                      ; 12.100 ns               ;
; N/A                                     ; 63.69 MHz ( period = 15.700 ns )                    ; divfreq1Hz:inst10|counter[4]   ; divfreq1Hz:inst10|counter[13]  ; GCLK       ; GCLK     ; None                        ; None                      ; 12.100 ns               ;
; N/A                                     ; 63.69 MHz ( period = 15.700 ns )                    ; divfreq1Hz:inst10|counter[3]   ; divfreq1Hz:inst10|counter[13]  ; GCLK       ; GCLK     ; None                        ; None                      ; 12.100 ns               ;
; N/A                                     ; 63.69 MHz ( period = 15.700 ns )                    ; divfreq1Hz:inst10|counter[8]   ; divfreq1Hz:inst10|counter[20]  ; GCLK       ; GCLK     ; None                        ; None                      ; 12.100 ns               ;
; N/A                                     ; 63.69 MHz ( period = 15.700 ns )                    ; divfreq1Hz:inst10|counter[9]   ; divfreq1Hz:inst10|counter[20]  ; GCLK       ; GCLK     ; None                        ; None                      ; 12.100 ns               ;
; N/A                                     ; 63.69 MHz ( period = 15.700 ns )                    ; divfreq1Hz:inst10|counter[10]  ; divfreq1Hz:inst10|counter[18]  ; GCLK       ; GCLK     ; None                        ; None                      ; 12.100 ns               ;
; N/A                                     ; 63.69 MHz ( period = 15.700 ns )                    ; debounce:inst7|counter_out[2]  ; debounce:inst7|counter_out[12] ; GCLK       ; GCLK     ; None                        ; None                      ; 12.100 ns               ;
; N/A                                     ; 63.69 MHz ( period = 15.700 ns )                    ; debounce:inst7|counter_out[1]  ; debounce:inst7|counter_out[11] ; GCLK       ; GCLK     ; None                        ; None                      ; 12.100 ns               ;
; N/A                                     ; 64.10 MHz ( period = 15.600 ns )                    ; divfreq1Hz:inst10|counter[20]  ; divfreq1Hz:inst10|temporal     ; GCLK       ; GCLK     ; None                        ; None                      ; 12.000 ns               ;
; N/A                                     ; 64.10 MHz ( period = 15.600 ns )                    ; debounce:inst7|counter_out[9]  ; debounce:inst7|counter_out[19] ; GCLK       ; GCLK     ; None                        ; None                      ; 12.000 ns               ;
; N/A                                     ; 64.10 MHz ( period = 15.600 ns )                    ; divfreq1Hz:inst10|counter[5]   ; divfreq1Hz:inst10|counter[15]  ; GCLK       ; GCLK     ; None                        ; None                      ; 12.000 ns               ;
; N/A                                     ; 64.10 MHz ( period = 15.600 ns )                    ; divfreq1Hz:inst10|counter[13]  ; divfreq1Hz:inst10|counter[22]  ; GCLK       ; GCLK     ; None                        ; None                      ; 12.000 ns               ;
; N/A                                     ; 64.10 MHz ( period = 15.600 ns )                    ; divfreq1Hz:inst10|counter[1]   ; divfreq1Hz:inst10|counter[11]  ; GCLK       ; GCLK     ; None                        ; None                      ; 12.000 ns               ;
; N/A                                     ; 64.10 MHz ( period = 15.600 ns )                    ; divfreq1Hz:inst10|counter[10]  ; divfreq1Hz:inst10|counter[19]  ; GCLK       ; GCLK     ; None                        ; None                      ; 12.000 ns               ;
; N/A                                     ; 64.52 MHz ( period = 15.500 ns )                    ; divfreq1Hz:inst10|counter[21]  ; divfreq1Hz:inst10|temporal     ; GCLK       ; GCLK     ; None                        ; None                      ; 11.900 ns               ;
; N/A                                     ; 64.52 MHz ( period = 15.500 ns )                    ; debounce:inst7|counter_out[5]  ; debounce:inst7|counter_out[17] ; GCLK       ; GCLK     ; None                        ; None                      ; 11.900 ns               ;
; N/A                                     ; 64.52 MHz ( period = 15.500 ns )                    ; divfreq1Hz:inst10|counter[0]   ; divfreq1Hz:inst10|counter[15]  ; GCLK       ; GCLK     ; None                        ; None                      ; 11.900 ns               ;
; N/A                                     ; 64.52 MHz ( period = 15.500 ns )                    ; divfreq1Hz:inst10|counter[1]   ; divfreq1Hz:inst10|counter[12]  ; GCLK       ; GCLK     ; None                        ; None                      ; 11.900 ns               ;
; N/A                                     ; 64.52 MHz ( period = 15.500 ns )                    ; divfreq1Hz:inst10|counter[11]  ; divfreq1Hz:inst10|counter[20]  ; GCLK       ; GCLK     ; None                        ; None                      ; 11.900 ns               ;
; N/A                                     ; 64.52 MHz ( period = 15.500 ns )                    ; divfreq1Hz:inst10|counter[14]  ; divfreq1Hz:inst10|counter[23]  ; GCLK       ; GCLK     ; None                        ; None                      ; 11.900 ns               ;
; N/A                                     ; 64.52 MHz ( period = 15.500 ns )                    ; divfreq1Hz:inst10|counter[12]  ; divfreq1Hz:inst10|counter[23]  ; GCLK       ; GCLK     ; None                        ; None                      ; 11.900 ns               ;
; N/A                                     ; 64.52 MHz ( period = 15.500 ns )                    ; divfreq1Hz:inst10|counter[8]   ; divfreq1Hz:inst10|counter[18]  ; GCLK       ; GCLK     ; None                        ; None                      ; 11.900 ns               ;
; N/A                                     ; 64.52 MHz ( period = 15.500 ns )                    ; divfreq1Hz:inst10|counter[9]   ; divfreq1Hz:inst10|counter[18]  ; GCLK       ; GCLK     ; None                        ; None                      ; 11.900 ns               ;
; N/A                                     ; 64.52 MHz ( period = 15.500 ns )                    ; debounce:inst7|counter_out[3]  ; debounce:inst7|counter_out[15] ; GCLK       ; GCLK     ; None                        ; None                      ; 11.900 ns               ;
; N/A                                     ; 64.52 MHz ( period = 15.500 ns )                    ; debounce:inst7|counter_out[0]  ; debounce:inst7|counter_out[14] ; GCLK       ; GCLK     ; None                        ; None                      ; 11.900 ns               ;
; N/A                                     ; 64.94 MHz ( period = 15.400 ns )                    ; debounce:inst7|counter_out[9]  ; debounce:inst7|counter_out[18] ; GCLK       ; GCLK     ; None                        ; None                      ; 11.800 ns               ;
; N/A                                     ; 64.94 MHz ( period = 15.400 ns )                    ; divfreq1Hz:inst10|counter[1]   ; divfreq1Hz:inst10|counter[10]  ; GCLK       ; GCLK     ; None                        ; None                      ; 11.800 ns               ;
; N/A                                     ; 64.94 MHz ( period = 15.400 ns )                    ; divfreq1Hz:inst10|counter[8]   ; divfreq1Hz:inst10|counter[19]  ; GCLK       ; GCLK     ; None                        ; None                      ; 11.800 ns               ;
; N/A                                     ; 64.94 MHz ( period = 15.400 ns )                    ; divfreq1Hz:inst10|counter[9]   ; divfreq1Hz:inst10|counter[19]  ; GCLK       ; GCLK     ; None                        ; None                      ; 11.800 ns               ;
; N/A                                     ; 64.94 MHz ( period = 15.400 ns )                    ; debounce:inst7|counter_out[6]  ; debounce:inst7|counter_out[15] ; GCLK       ; GCLK     ; None                        ; None                      ; 11.800 ns               ;
; N/A                                     ; 64.94 MHz ( period = 15.400 ns )                    ; debounce:inst7|counter_out[2]  ; debounce:inst7|counter_out[11] ; GCLK       ; GCLK     ; None                        ; None                      ; 11.800 ns               ;
; N/A                                     ; 64.94 MHz ( period = 15.400 ns )                    ; debounce:inst7|counter_out[1]  ; debounce:inst7|counter_out[10] ; GCLK       ; GCLK     ; None                        ; None                      ; 11.800 ns               ;
; N/A                                     ; 65.36 MHz ( period = 15.300 ns )                    ; divfreq1Hz:inst10|counter[6]   ; divfreq1Hz:inst10|temporal     ; GCLK       ; GCLK     ; None                        ; None                      ; 11.700 ns               ;
; N/A                                     ; 65.36 MHz ( period = 15.300 ns )                    ; debounce:inst7|counter_out[10] ; debounce:inst7|counter_out[19] ; GCLK       ; GCLK     ; None                        ; None                      ; 11.700 ns               ;
; N/A                                     ; 65.36 MHz ( period = 15.300 ns )                    ; divfreq1Hz:inst10|counter[5]   ; divfreq1Hz:inst10|counter[14]  ; GCLK       ; GCLK     ; None                        ; None                      ; 11.700 ns               ;
; N/A                                     ; 65.36 MHz ( period = 15.300 ns )                    ; divfreq1Hz:inst10|counter[6]   ; divfreq1Hz:inst10|counter[15]  ; GCLK       ; GCLK     ; None                        ; None                      ; 11.700 ns               ;
; N/A                                     ; 65.36 MHz ( period = 15.300 ns )                    ; divfreq1Hz:inst10|counter[13]  ; divfreq1Hz:inst10|counter[21]  ; GCLK       ; GCLK     ; None                        ; None                      ; 11.700 ns               ;
; N/A                                     ; 65.36 MHz ( period = 15.300 ns )                    ; divfreq1Hz:inst10|counter[2]   ; divfreq1Hz:inst10|counter[11]  ; GCLK       ; GCLK     ; None                        ; None                      ; 11.700 ns               ;
; N/A                                     ; 65.36 MHz ( period = 15.300 ns )                    ; divfreq1Hz:inst10|counter[11]  ; divfreq1Hz:inst10|counter[18]  ; GCLK       ; GCLK     ; None                        ; None                      ; 11.700 ns               ;
; N/A                                     ; 65.79 MHz ( period = 15.200 ns )                    ; divfreq1Hz:inst10|counter[0]   ; divfreq1Hz:inst10|counter[14]  ; GCLK       ; GCLK     ; None                        ; None                      ; 11.600 ns               ;
; N/A                                     ; 65.79 MHz ( period = 15.200 ns )                    ; divfreq1Hz:inst10|counter[2]   ; divfreq1Hz:inst10|counter[12]  ; GCLK       ; GCLK     ; None                        ; None                      ; 11.600 ns               ;
; N/A                                     ; 65.79 MHz ( period = 15.200 ns )                    ; divfreq1Hz:inst10|counter[14]  ; divfreq1Hz:inst10|counter[22]  ; GCLK       ; GCLK     ; None                        ; None                      ; 11.600 ns               ;
; N/A                                     ; 65.79 MHz ( period = 15.200 ns )                    ; divfreq1Hz:inst10|counter[12]  ; divfreq1Hz:inst10|counter[22]  ; GCLK       ; GCLK     ; None                        ; None                      ; 11.600 ns               ;
; N/A                                     ; 65.79 MHz ( period = 15.200 ns )                    ; divfreq1Hz:inst10|counter[15]  ; divfreq1Hz:inst10|counter[23]  ; GCLK       ; GCLK     ; None                        ; None                      ; 11.600 ns               ;
; N/A                                     ; 65.79 MHz ( period = 15.200 ns )                    ; divfreq1Hz:inst10|counter[11]  ; divfreq1Hz:inst10|counter[19]  ; GCLK       ; GCLK     ; None                        ; None                      ; 11.600 ns               ;
; N/A                                     ; 65.79 MHz ( period = 15.200 ns )                    ; divfreq1Hz:inst10|counter[10]  ; divfreq1Hz:inst10|counter[16]  ; GCLK       ; GCLK     ; None                        ; None                      ; 11.600 ns               ;
; N/A                                     ; 65.79 MHz ( period = 15.200 ns )                    ; debounce:inst7|counter_out[5]  ; debounce:inst7|counter_out[16] ; GCLK       ; GCLK     ; None                        ; None                      ; 11.600 ns               ;
; N/A                                     ; 65.79 MHz ( period = 15.200 ns )                    ; debounce:inst7|counter_out[4]  ; debounce:inst7|counter_out[15] ; GCLK       ; GCLK     ; None                        ; None                      ; 11.600 ns               ;
; N/A                                     ; 65.79 MHz ( period = 15.200 ns )                    ; debounce:inst7|counter_out[3]  ; debounce:inst7|counter_out[14] ; GCLK       ; GCLK     ; None                        ; None                      ; 11.600 ns               ;
; N/A                                     ; 66.23 MHz ( period = 15.100 ns )                    ; debounce:inst7|counter_out[10] ; debounce:inst7|counter_out[18] ; GCLK       ; GCLK     ; None                        ; None                      ; 11.500 ns               ;
; N/A                                     ; 66.23 MHz ( period = 15.100 ns )                    ; divfreq1Hz:inst10|counter[5]   ; divfreq1Hz:inst10|counter[13]  ; GCLK       ; GCLK     ; None                        ; None                      ; 11.500 ns               ;
; N/A                                     ; 66.23 MHz ( period = 15.100 ns )                    ; divfreq1Hz:inst10|counter[2]   ; divfreq1Hz:inst10|counter[10]  ; GCLK       ; GCLK     ; None                        ; None                      ; 11.500 ns               ;
; N/A                                     ; 66.23 MHz ( period = 15.100 ns )                    ; divfreq1Hz:inst10|counter[10]  ; divfreq1Hz:inst10|counter[17]  ; GCLK       ; GCLK     ; None                        ; None                      ; 11.500 ns               ;
; N/A                                     ; 66.23 MHz ( period = 15.100 ns )                    ; debounce:inst7|counter_out[7]  ; debounce:inst7|counter_out[15] ; GCLK       ; GCLK     ; None                        ; None                      ; 11.500 ns               ;
; N/A                                     ; 66.23 MHz ( period = 15.100 ns )                    ; debounce:inst7|counter_out[6]  ; debounce:inst7|counter_out[14] ; GCLK       ; GCLK     ; None                        ; None                      ; 11.500 ns               ;
; N/A                                     ; 66.23 MHz ( period = 15.100 ns )                    ; debounce:inst7|counter_out[5]  ; debounce:inst7|counter_out[13] ; GCLK       ; GCLK     ; None                        ; None                      ; 11.500 ns               ;
; N/A                                     ; 66.23 MHz ( period = 15.100 ns )                    ; debounce:inst7|counter_out[2]  ; debounce:inst7|counter_out[10] ; GCLK       ; GCLK     ; None                        ; None                      ; 11.500 ns               ;
; N/A                                     ; 66.23 MHz ( period = 15.100 ns )                    ; debounce:inst7|counter_out[1]  ; debounce:inst7|counter_out[9]  ; GCLK       ; GCLK     ; None                        ; None                      ; 11.500 ns               ;
; N/A                                     ; 66.67 MHz ( period = 15.000 ns )                    ; debounce:inst7|counter_out[11] ; debounce:inst7|counter_out[19] ; GCLK       ; GCLK     ; None                        ; None                      ; 11.400 ns               ;
; N/A                                     ; 66.67 MHz ( period = 15.000 ns )                    ; divfreq1Hz:inst10|counter[0]   ; divfreq1Hz:inst10|counter[13]  ; GCLK       ; GCLK     ; None                        ; None                      ; 11.400 ns               ;
; N/A                                     ; 66.67 MHz ( period = 15.000 ns )                    ; divfreq1Hz:inst10|counter[6]   ; divfreq1Hz:inst10|counter[14]  ; GCLK       ; GCLK     ; None                        ; None                      ; 11.400 ns               ;
; N/A                                     ; 66.67 MHz ( period = 15.000 ns )                    ; divfreq1Hz:inst10|counter[7]   ; divfreq1Hz:inst10|counter[15]  ; GCLK       ; GCLK     ; None                        ; None                      ; 11.400 ns               ;
; N/A                                     ; 66.67 MHz ( period = 15.000 ns )                    ; divfreq1Hz:inst10|counter[13]  ; divfreq1Hz:inst10|counter[20]  ; GCLK       ; GCLK     ; None                        ; None                      ; 11.400 ns               ;
; N/A                                     ; 66.67 MHz ( period = 15.000 ns )                    ; divfreq1Hz:inst10|counter[4]   ; divfreq1Hz:inst10|counter[11]  ; GCLK       ; GCLK     ; None                        ; None                      ; 11.400 ns               ;
; N/A                                     ; 66.67 MHz ( period = 15.000 ns )                    ; divfreq1Hz:inst10|counter[3]   ; divfreq1Hz:inst10|counter[11]  ; GCLK       ; GCLK     ; None                        ; None                      ; 11.400 ns               ;
; N/A                                     ; 66.67 MHz ( period = 15.000 ns )                    ; divfreq1Hz:inst10|counter[8]   ; divfreq1Hz:inst10|counter[16]  ; GCLK       ; GCLK     ; None                        ; None                      ; 11.400 ns               ;
; Timing analysis restricted to 200 rows. ; To change the limit use Settings (Assignments menu) ;                                ;                                ;            ;          ;                             ;                           ;                         ;
+-----------------------------------------+-----------------------------------------------------+--------------------------------+--------------------------------+------------+----------+-----------------------------+---------------------------+-------------------------+


+---------------------------------------------------------------------------------------+
; tsu                                                                                   ;
+-------+--------------+------------+----------+-----------------------------+----------+
; Slack ; Required tsu ; Actual tsu ; From     ; To                          ; To Clock ;
+-------+--------------+------------+----------+-----------------------------+----------+
; N/A   ; None         ; 8.000 ns   ; FLEX_PB1 ; debounce:inst7|flipflops[0] ; GCLK     ;
+-------+--------------+------------+----------+-----------------------------+----------+


+---------------------------------------------------------------------------------------------+
; tco                                                                                         ;
+-------+--------------+------------+---------------------------+----------------+------------+
; Slack ; Required tco ; Actual tco ; From                      ; To             ; From Clock ;
+-------+--------------+------------+---------------------------+----------------+------------+
; N/A   ; None         ; 32.300 ns  ; contadorMod10:inst6|inst5 ; FLEX_DIGIT1[0] ; GCLK       ;
; N/A   ; None         ; 32.300 ns  ; contadorMod10:inst6|inst1 ; FLEX_DIGIT1[0] ; GCLK       ;
; N/A   ; None         ; 32.300 ns  ; contadorMod10:inst6|inst4 ; FLEX_DIGIT1[0] ; GCLK       ;
; N/A   ; None         ; 31.800 ns  ; contadorMod10:inst6|inst  ; FLEX_DIGIT1[0] ; GCLK       ;
; N/A   ; None         ; 31.500 ns  ; contadorMod10:inst6|inst1 ; FLEX_DIGIT1[5] ; GCLK       ;
; N/A   ; None         ; 31.500 ns  ; contadorMod10:inst6|inst  ; FLEX_DIGIT1[5] ; GCLK       ;
; N/A   ; None         ; 31.500 ns  ; contadorMod10:inst6|inst4 ; FLEX_DIGIT1[5] ; GCLK       ;
; N/A   ; None         ; 31.400 ns  ; contadorMod10:inst6|inst5 ; FLEX_DIGIT1[1] ; GCLK       ;
; N/A   ; None         ; 31.400 ns  ; contadorMod10:inst6|inst  ; FLEX_DIGIT1[1] ; GCLK       ;
; N/A   ; None         ; 31.400 ns  ; contadorMod10:inst6|inst4 ; FLEX_DIGIT1[1] ; GCLK       ;
; N/A   ; None         ; 31.300 ns  ; contadorMod10:inst6|inst1 ; FLEX_DIGIT1[2] ; GCLK       ;
; N/A   ; None         ; 31.300 ns  ; contadorMod10:inst6|inst4 ; FLEX_DIGIT1[2] ; GCLK       ;
; N/A   ; None         ; 31.300 ns  ; contadorMod10:inst6|inst1 ; FLEX_DIGIT1[3] ; GCLK       ;
; N/A   ; None         ; 31.300 ns  ; contadorMod10:inst6|inst  ; FLEX_DIGIT1[3] ; GCLK       ;
; N/A   ; None         ; 31.300 ns  ; contadorMod10:inst6|inst1 ; FLEX_DIGIT1[4] ; GCLK       ;
; N/A   ; None         ; 31.300 ns  ; contadorMod10:inst6|inst  ; FLEX_DIGIT1[4] ; GCLK       ;
; N/A   ; None         ; 31.300 ns  ; contadorMod10:inst6|inst4 ; FLEX_DIGIT1[4] ; GCLK       ;
; N/A   ; None         ; 31.300 ns  ; contadorMod10:inst6|inst1 ; FLEX_DIGIT1[6] ; GCLK       ;
; N/A   ; None         ; 31.300 ns  ; contadorMod10:inst6|inst  ; FLEX_DIGIT1[6] ; GCLK       ;
; N/A   ; None         ; 31.300 ns  ; contadorMod10:inst6|inst4 ; FLEX_DIGIT1[6] ; GCLK       ;
; N/A   ; None         ; 31.000 ns  ; contadorMod10:inst6|inst5 ; FLEX_DIGIT1[5] ; GCLK       ;
; N/A   ; None         ; 30.900 ns  ; contadorMod10:inst6|inst1 ; FLEX_DIGIT1[1] ; GCLK       ;
; N/A   ; None         ; 30.800 ns  ; contadorMod10:inst6|inst  ; FLEX_DIGIT1[2] ; GCLK       ;
; N/A   ; None         ; 30.800 ns  ; contadorMod10:inst6|inst4 ; FLEX_DIGIT1[3] ; GCLK       ;
; N/A   ; None         ; 30.800 ns  ; contadorMod10:inst6|inst5 ; FLEX_DIGIT1[4] ; GCLK       ;
; N/A   ; None         ; 30.800 ns  ; contadorMod10:inst6|inst5 ; FLEX_DIGIT1[6] ; GCLK       ;
; N/A   ; None         ; 21.900 ns  ; contadorMod10:inst|inst4  ; FLEX_DIGIT2[0] ; GCLK       ;
; N/A   ; None         ; 21.900 ns  ; contadorMod10:inst|inst1  ; FLEX_DIGIT2[0] ; GCLK       ;
; N/A   ; None         ; 21.900 ns  ; contadorMod10:inst|inst5  ; FLEX_DIGIT2[0] ; GCLK       ;
; N/A   ; None         ; 21.400 ns  ; contadorMod10:inst|inst   ; FLEX_DIGIT2[0] ; GCLK       ;
; N/A   ; None         ; 21.100 ns  ; contadorMod10:inst|inst   ; FLEX_DIGIT2[1] ; GCLK       ;
; N/A   ; None         ; 21.100 ns  ; contadorMod10:inst|inst4  ; FLEX_DIGIT2[1] ; GCLK       ;
; N/A   ; None         ; 21.100 ns  ; contadorMod10:inst|inst5  ; FLEX_DIGIT2[1] ; GCLK       ;
; N/A   ; None         ; 21.000 ns  ; contadorMod10:inst|inst4  ; FLEX_DIGIT2[2] ; GCLK       ;
; N/A   ; None         ; 21.000 ns  ; contadorMod10:inst|inst1  ; FLEX_DIGIT2[2] ; GCLK       ;
; N/A   ; None         ; 21.000 ns  ; contadorMod10:inst|inst   ; FLEX_DIGIT2[3] ; GCLK       ;
; N/A   ; None         ; 21.000 ns  ; contadorMod10:inst|inst1  ; FLEX_DIGIT2[3] ; GCLK       ;
; N/A   ; None         ; 21.000 ns  ; contadorMod10:inst|inst   ; FLEX_DIGIT2[4] ; GCLK       ;
; N/A   ; None         ; 21.000 ns  ; contadorMod10:inst|inst4  ; FLEX_DIGIT2[4] ; GCLK       ;
; N/A   ; None         ; 21.000 ns  ; contadorMod10:inst|inst1  ; FLEX_DIGIT2[4] ; GCLK       ;
; N/A   ; None         ; 21.000 ns  ; contadorMod10:inst|inst   ; FLEX_DIGIT2[5] ; GCLK       ;
; N/A   ; None         ; 21.000 ns  ; contadorMod10:inst|inst4  ; FLEX_DIGIT2[5] ; GCLK       ;
; N/A   ; None         ; 21.000 ns  ; contadorMod10:inst|inst1  ; FLEX_DIGIT2[5] ; GCLK       ;
; N/A   ; None         ; 21.000 ns  ; contadorMod10:inst|inst   ; FLEX_DIGIT2[6] ; GCLK       ;
; N/A   ; None         ; 21.000 ns  ; contadorMod10:inst|inst4  ; FLEX_DIGIT2[6] ; GCLK       ;
; N/A   ; None         ; 21.000 ns  ; contadorMod10:inst|inst1  ; FLEX_DIGIT2[6] ; GCLK       ;
; N/A   ; None         ; 20.600 ns  ; contadorMod10:inst|inst1  ; FLEX_DIGIT2[1] ; GCLK       ;
; N/A   ; None         ; 20.500 ns  ; contadorMod10:inst|inst   ; FLEX_DIGIT2[2] ; GCLK       ;
; N/A   ; None         ; 20.500 ns  ; contadorMod10:inst|inst4  ; FLEX_DIGIT2[3] ; GCLK       ;
; N/A   ; None         ; 20.500 ns  ; contadorMod10:inst|inst5  ; FLEX_DIGIT2[4] ; GCLK       ;
; N/A   ; None         ; 20.500 ns  ; contadorMod10:inst|inst5  ; FLEX_DIGIT2[5] ; GCLK       ;
; N/A   ; None         ; 20.500 ns  ; contadorMod10:inst|inst5  ; FLEX_DIGIT2[6] ; GCLK       ;
+-------+--------------+------------+---------------------------+----------------+------------+


+---------------------------------------------------------------------------------------------+
; th                                                                                          ;
+---------------+-------------+-----------+----------+-----------------------------+----------+
; Minimum Slack ; Required th ; Actual th ; From     ; To                          ; To Clock ;
+---------------+-------------+-----------+----------+-----------------------------+----------+
; N/A           ; None        ; -3.900 ns ; FLEX_PB1 ; debounce:inst7|flipflops[0] ; GCLK     ;
+---------------+-------------+-----------+----------+-----------------------------+----------+


+--------------------------+
; Timing Analyzer Messages ;
+--------------------------+
Info: *******************************************************************
Info: Running Quartus II Classic Timing Analyzer
    Info: Version 9.0 Build 235 06/17/2009 Service Pack 2 SJ Web Edition
    Info: Processing started: Thu May 17 09:39:27 2018
Info: Command: quartus_tan --read_settings_files=off --write_settings_files=off Contadores -c Contadores
Info: Started post-fitting delay annotation
Info: Delay annotation completed successfully
Warning: Found pins functioning as undefined clocks and/or memory enables
    Info: Assuming node "GCLK" is an undefined clock
Warning: Found 6 node(s) in clock paths which may be acting as ripple and/or gated clocks -- node(s) analyzed as buffer(s) resulting in clock skew
    Info: Detected ripple clock "divfreq1Hz:inst10|temporal" as buffer
    Info: Detected ripple clock "contadorMod10:inst|inst5" as buffer
    Info: Detected ripple clock "contadorMod10:inst|inst1" as buffer
    Info: Detected ripple clock "contadorMod10:inst|inst4" as buffer
    Info: Detected ripple clock "contadorMod10:inst|inst" as buffer
    Info: Detected gated clock "inst8" as buffer
Info: Clock "GCLK" has Internal fmax of 51.02 MHz between source register "divfreq1Hz:inst10|counter[1]" and destination register "divfreq1Hz:inst10|counter[23]" (period= 19.6 ns)
    Info: + Longest register to register delay is 16.000 ns
        Info: 1: + IC(0.000 ns) + CELL(0.000 ns) = 0.000 ns; Loc. = LC1_C14; Fanout = 3; REG Node = 'divfreq1Hz:inst10|counter[1]'
        Info: 2: + IC(2.200 ns) + CELL(1.200 ns) = 3.400 ns; Loc. = LC2_C13; Fanout = 2; COMB Node = 'divfreq1Hz:inst10|lpm_add_sub:Add0|addcore:adder|a_csnbuffer:result_node|cs_buffer[1]~COUT'
        Info: 3: + IC(0.000 ns) + CELL(0.300 ns) = 3.700 ns; Loc. = LC3_C13; Fanout = 2; COMB Node = 'divfreq1Hz:inst10|lpm_add_sub:Add0|addcore:adder|a_csnbuffer:result_node|cs_buffer[2]~COUT'
        Info: 4: + IC(0.000 ns) + CELL(0.300 ns) = 4.000 ns; Loc. = LC4_C13; Fanout = 2; COMB Node = 'divfreq1Hz:inst10|lpm_add_sub:Add0|addcore:adder|a_csnbuffer:result_node|cs_buffer[3]~COUT'
        Info: 5: + IC(0.000 ns) + CELL(0.300 ns) = 4.300 ns; Loc. = LC5_C13; Fanout = 2; COMB Node = 'divfreq1Hz:inst10|lpm_add_sub:Add0|addcore:adder|a_csnbuffer:result_node|cs_buffer[4]~COUT'
        Info: 6: + IC(0.000 ns) + CELL(0.300 ns) = 4.600 ns; Loc. = LC6_C13; Fanout = 2; COMB Node = 'divfreq1Hz:inst10|lpm_add_sub:Add0|addcore:adder|a_csnbuffer:result_node|cs_buffer[5]~COUT'
        Info: 7: + IC(0.000 ns) + CELL(0.300 ns) = 4.900 ns; Loc. = LC7_C13; Fanout = 2; COMB Node = 'divfreq1Hz:inst10|lpm_add_sub:Add0|addcore:adder|a_csnbuffer:result_node|cs_buffer[6]~COUT'
        Info: 8: + IC(0.000 ns) + CELL(0.300 ns) = 5.200 ns; Loc. = LC8_C13; Fanout = 2; COMB Node = 'divfreq1Hz:inst10|lpm_add_sub:Add0|addcore:adder|a_csnbuffer:result_node|cs_buffer[7]~COUT'
        Info: 9: + IC(0.800 ns) + CELL(0.300 ns) = 6.300 ns; Loc. = LC1_C15; Fanout = 2; COMB Node = 'divfreq1Hz:inst10|lpm_add_sub:Add0|addcore:adder|a_csnbuffer:result_node|cs_buffer[8]~COUT'
        Info: 10: + IC(0.000 ns) + CELL(0.300 ns) = 6.600 ns; Loc. = LC2_C15; Fanout = 2; COMB Node = 'divfreq1Hz:inst10|lpm_add_sub:Add0|addcore:adder|a_csnbuffer:result_node|cs_buffer[9]~COUT'
        Info: 11: + IC(0.000 ns) + CELL(0.300 ns) = 6.900 ns; Loc. = LC3_C15; Fanout = 2; COMB Node = 'divfreq1Hz:inst10|lpm_add_sub:Add0|addcore:adder|a_csnbuffer:result_node|cs_buffer[10]~COUT'
        Info: 12: + IC(0.000 ns) + CELL(0.300 ns) = 7.200 ns; Loc. = LC4_C15; Fanout = 2; COMB Node = 'divfreq1Hz:inst10|lpm_add_sub:Add0|addcore:adder|a_csnbuffer:result_node|cs_buffer[11]~COUT'
        Info: 13: + IC(0.000 ns) + CELL(0.300 ns) = 7.500 ns; Loc. = LC5_C15; Fanout = 2; COMB Node = 'divfreq1Hz:inst10|lpm_add_sub:Add0|addcore:adder|a_csnbuffer:result_node|cs_buffer[12]~COUT'
        Info: 14: + IC(0.000 ns) + CELL(0.300 ns) = 7.800 ns; Loc. = LC6_C15; Fanout = 2; COMB Node = 'divfreq1Hz:inst10|lpm_add_sub:Add0|addcore:adder|a_csnbuffer:result_node|cs_buffer[13]~COUT'
        Info: 15: + IC(0.000 ns) + CELL(0.300 ns) = 8.100 ns; Loc. = LC7_C15; Fanout = 2; COMB Node = 'divfreq1Hz:inst10|lpm_add_sub:Add0|addcore:adder|a_csnbuffer:result_node|cs_buffer[14]~COUT'
        Info: 16: + IC(0.000 ns) + CELL(0.300 ns) = 8.400 ns; Loc. = LC8_C15; Fanout = 2; COMB Node = 'divfreq1Hz:inst10|lpm_add_sub:Add0|addcore:adder|a_csnbuffer:result_node|cs_buffer[15]~COUT'
        Info: 17: + IC(0.800 ns) + CELL(0.300 ns) = 9.500 ns; Loc. = LC1_C17; Fanout = 2; COMB Node = 'divfreq1Hz:inst10|lpm_add_sub:Add0|addcore:adder|a_csnbuffer:result_node|cs_buffer[16]~COUT'
        Info: 18: + IC(0.000 ns) + CELL(0.300 ns) = 9.800 ns; Loc. = LC2_C17; Fanout = 2; COMB Node = 'divfreq1Hz:inst10|lpm_add_sub:Add0|addcore:adder|a_csnbuffer:result_node|cs_buffer[17]~COUT'
        Info: 19: + IC(0.000 ns) + CELL(0.300 ns) = 10.100 ns; Loc. = LC3_C17; Fanout = 2; COMB Node = 'divfreq1Hz:inst10|lpm_add_sub:Add0|addcore:adder|a_csnbuffer:result_node|cs_buffer[18]~COUT'
        Info: 20: + IC(0.000 ns) + CELL(0.300 ns) = 10.400 ns; Loc. = LC4_C17; Fanout = 2; COMB Node = 'divfreq1Hz:inst10|lpm_add_sub:Add0|addcore:adder|a_csnbuffer:result_node|cs_buffer[19]~COUT'
        Info: 21: + IC(0.000 ns) + CELL(0.300 ns) = 10.700 ns; Loc. = LC5_C17; Fanout = 2; COMB Node = 'divfreq1Hz:inst10|lpm_add_sub:Add0|addcore:adder|a_csnbuffer:result_node|cs_buffer[20]~COUT'
        Info: 22: + IC(0.000 ns) + CELL(0.300 ns) = 11.000 ns; Loc. = LC6_C17; Fanout = 2; COMB Node = 'divfreq1Hz:inst10|lpm_add_sub:Add0|addcore:adder|a_csnbuffer:result_node|cs_buffer[21]~COUT'
        Info: 23: + IC(0.000 ns) + CELL(0.300 ns) = 11.300 ns; Loc. = LC7_C17; Fanout = 1; COMB Node = 'divfreq1Hz:inst10|lpm_add_sub:Add0|addcore:adder|a_csnbuffer:result_node|cs_buffer[22]~COUT'
        Info: 24: + IC(0.000 ns) + CELL(1.300 ns) = 12.600 ns; Loc. = LC8_C17; Fanout = 1; COMB Node = 'divfreq1Hz:inst10|lpm_add_sub:Add0|addcore:adder|unreg_res_node[23]'
        Info: 25: + IC(2.200 ns) + CELL(1.200 ns) = 16.000 ns; Loc. = LC8_C18; Fanout = 2; REG Node = 'divfreq1Hz:inst10|counter[23]'
        Info: Total cell delay = 10.000 ns ( 62.50 % )
        Info: Total interconnect delay = 6.000 ns ( 37.50 % )
    Info: - Smallest clock skew is 0.000 ns
        Info: + Shortest clock path from clock "GCLK" to destination register is 5.300 ns
            Info: 1: + IC(0.000 ns) + CELL(2.800 ns) = 2.800 ns; Loc. = PIN_91; Fanout = 48; CLK Node = 'GCLK'
            Info: 2: + IC(2.500 ns) + CELL(0.000 ns) = 5.300 ns; Loc. = LC8_C18; Fanout = 2; REG Node = 'divfreq1Hz:inst10|counter[23]'
            Info: Total cell delay = 2.800 ns ( 52.83 % )
            Info: Total interconnect delay = 2.500 ns ( 47.17 % )
        Info: - Longest clock path from clock "GCLK" to source register is 5.300 ns
            Info: 1: + IC(0.000 ns) + CELL(2.800 ns) = 2.800 ns; Loc. = PIN_91; Fanout = 48; CLK Node = 'GCLK'
            Info: 2: + IC(2.500 ns) + CELL(0.000 ns) = 5.300 ns; Loc. = LC1_C14; Fanout = 3; REG Node = 'divfreq1Hz:inst10|counter[1]'
            Info: Total cell delay = 2.800 ns ( 52.83 % )
            Info: Total interconnect delay = 2.500 ns ( 47.17 % )
    Info: + Micro clock to output delay of source is 1.100 ns
    Info: + Micro setup delay of destination is 2.500 ns
Info: tsu for register "debounce:inst7|flipflops[0]" (data pin = "FLEX_PB1", clock pin = "GCLK") is 8.000 ns
    Info: + Longest pin to register delay is 10.800 ns
        Info: 1: + IC(0.000 ns) + CELL(3.500 ns) = 3.500 ns; Loc. = PIN_28; Fanout = 1; PIN Node = 'FLEX_PB1'
        Info: 2: + IC(6.100 ns) + CELL(1.200 ns) = 10.800 ns; Loc. = LC5_F16; Fanout = 4; REG Node = 'debounce:inst7|flipflops[0]'
        Info: Total cell delay = 4.700 ns ( 43.52 % )
        Info: Total interconnect delay = 6.100 ns ( 56.48 % )
    Info: + Micro setup delay of destination is 2.500 ns
    Info: - Shortest clock path from clock "GCLK" to destination register is 5.300 ns
        Info: 1: + IC(0.000 ns) + CELL(2.800 ns) = 2.800 ns; Loc. = PIN_91; Fanout = 48; CLK Node = 'GCLK'
        Info: 2: + IC(2.500 ns) + CELL(0.000 ns) = 5.300 ns; Loc. = LC5_F16; Fanout = 4; REG Node = 'debounce:inst7|flipflops[0]'
        Info: Total cell delay = 2.800 ns ( 52.83 % )
        Info: Total interconnect delay = 2.500 ns ( 47.17 % )
Info: tco from clock "GCLK" to destination pin "FLEX_DIGIT1[0]" through register "contadorMod10:inst6|inst5" is 32.300 ns
    Info: + Longest clock path from clock "GCLK" to source register is 18.800 ns
        Info: 1: + IC(0.000 ns) + CELL(2.800 ns) = 2.800 ns; Loc. = PIN_91; Fanout = 48; CLK Node = 'GCLK'
        Info: 2: + IC(2.500 ns) + CELL(1.100 ns) = 6.400 ns; Loc. = LC1_B13; Fanout = 5; REG Node = 'divfreq1Hz:inst10|temporal'
        Info: 3: + IC(2.200 ns) + CELL(1.100 ns) = 9.700 ns; Loc. = LC4_B16; Fanout = 12; REG Node = 'contadorMod10:inst|inst1'
        Info: 4: + IC(2.200 ns) + CELL(2.300 ns) = 14.200 ns; Loc. = LC1_B14; Fanout = 4; COMB Node = 'inst8'
        Info: 5: + IC(4.600 ns) + CELL(0.000 ns) = 18.800 ns; Loc. = LC4_A22; Fanout = 7; REG Node = 'contadorMod10:inst6|inst5'
        Info: Total cell delay = 7.300 ns ( 38.83 % )
        Info: Total interconnect delay = 11.500 ns ( 61.17 % )
    Info: + Micro clock to output delay of source is 1.100 ns
    Info: + Longest register to pin delay is 12.400 ns
        Info: 1: + IC(0.000 ns) + CELL(0.000 ns) = 0.000 ns; Loc. = LC4_A22; Fanout = 7; REG Node = 'contadorMod10:inst6|inst5'
        Info: 2: + IC(2.400 ns) + CELL(2.300 ns) = 4.700 ns; Loc. = LC1_A20; Fanout = 1; COMB Node = '7447:inst2|87'
        Info: 3: + IC(2.600 ns) + CELL(5.100 ns) = 12.400 ns; Loc. = PIN_13; Fanout = 0; PIN Node = 'FLEX_DIGIT1[0]'
        Info: Total cell delay = 7.400 ns ( 59.68 % )
        Info: Total interconnect delay = 5.000 ns ( 40.32 % )
Info: th for register "debounce:inst7|flipflops[0]" (data pin = "FLEX_PB1", clock pin = "GCLK") is -3.900 ns
    Info: + Longest clock path from clock "GCLK" to destination register is 5.300 ns
        Info: 1: + IC(0.000 ns) + CELL(2.800 ns) = 2.800 ns; Loc. = PIN_91; Fanout = 48; CLK Node = 'GCLK'
        Info: 2: + IC(2.500 ns) + CELL(0.000 ns) = 5.300 ns; Loc. = LC5_F16; Fanout = 4; REG Node = 'debounce:inst7|flipflops[0]'
        Info: Total cell delay = 2.800 ns ( 52.83 % )
        Info: Total interconnect delay = 2.500 ns ( 47.17 % )
    Info: + Micro hold delay of destination is 1.600 ns
    Info: - Shortest pin to register delay is 10.800 ns
        Info: 1: + IC(0.000 ns) + CELL(3.500 ns) = 3.500 ns; Loc. = PIN_28; Fanout = 1; PIN Node = 'FLEX_PB1'
        Info: 2: + IC(6.100 ns) + CELL(1.200 ns) = 10.800 ns; Loc. = LC5_F16; Fanout = 4; REG Node = 'debounce:inst7|flipflops[0]'
        Info: Total cell delay = 4.700 ns ( 43.52 % )
        Info: Total interconnect delay = 6.100 ns ( 56.48 % )
Info: Quartus II Classic Timing Analyzer was successful. 0 errors, 2 warnings
    Info: Peak virtual memory: 242 megabytes
    Info: Processing ended: Thu May 17 09:39:28 2018
    Info: Elapsed time: 00:00:01
    Info: Total CPU time (on all processors): 00:00:01


