Flow report for somador4Bits
Thu Apr 26 09:38:19 2018
Quartus II Version 9.0 Build 235 06/17/2009 Service Pack 2 SJ Web Edition


---------------------
; Table of Contents ;
---------------------
  1. Legal Notice
  2. Flow Summary
  3. Flow Settings
  4. Flow Non-Default Global Settings
  5. Flow Elapsed Time
  6. Flow OS Summary
  7. Flow Log



----------------
; Legal Notice ;
----------------
Copyright (C) 1991-2009 Altera Corporation
Your use of Altera Corporation's design tools, logic functions 
and other software and tools, and its AMPP partner logic 
functions, and any output files from any of the foregoing 
(including device programming or simulation files), and any 
associated documentation or information are expressly subject 
to the terms and conditions of the Altera Program License 
Subscription Agreement, Altera MegaCore Function License 
Agreement, or other applicable license agreement, including, 
without limitation, that your use is for the sole purpose of 
programming logic devices manufactured by Altera and sold by 
Altera or its authorized distributors.  Please refer to the 
applicable agreement for further details.



+------------------------------------------------------------------------+
; Flow Summary                                                           ;
+-------------------------+----------------------------------------------+
; Flow Status             ; Successful - Thu Apr 26 09:38:19 2018        ;
; Quartus II Version      ; 9.0 Build 235 06/17/2009 SP 2 SJ Web Edition ;
; Revision Name           ; somador4Bits                                 ;
; Top-level Entity Name   ; somador4Bits                                 ;
; Family                  ; FLEX10K                                      ;
; Device                  ; EPF10K20RC240-4                              ;
; Timing Models           ; Final                                        ;
; Met timing requirements ; Yes                                          ;
; Total logic elements    ; 15 / 1,152 ( 1 % )                           ;
; Total pins              ; 17 / 189 ( 9 % )                             ;
; Total memory bits       ; 0 / 12,288 ( 0 % )                           ;
+-------------------------+----------------------------------------------+


+-----------------------------------------+
; Flow Settings                           ;
+-------------------+---------------------+
; Option            ; Setting             ;
+-------------------+---------------------+
; Start date & time ; 04/26/2018 09:38:12 ;
; Main task         ; Compilation         ;
; Revision Name     ; somador4Bits        ;
+-------------------+---------------------+


+----------------------------------------------------------------------------------------------------------------------+
; Flow Non-Default Global Settings                                                                                     ;
+------------------------------------+----------------------------------+---------------+-------------+----------------+
; Assignment Name                    ; Value                            ; Default Value ; Entity Name ; Section Id     ;
+------------------------------------+----------------------------------+---------------+-------------+----------------+
; COMPILER_SIGNATURE_ID              ; 264216236077211.152474629102972  ; --            ; --          ; --             ;
; FITTER_EFFORT                      ; Standard Fit                     ; Auto Fit      ; --          ; --             ;
; MISC_FILE                          ; F:/somador4Bits/somador4Bits.dpf ; --            ; --          ; --             ;
; OPTIMIZE_HOLD_TIMING               ; IO Paths and Minimum TPD Paths   ; --            ; --          ; --             ;
; PARTITION_COLOR                    ; 16764057                         ; --            ; --          ; Top            ;
; PARTITION_NETLIST_TYPE             ; SOURCE                           ; --            ; --          ; Top            ;
; USE_GENERATED_PHYSICAL_CONSTRAINTS ; Off                              ; --            ; --          ; eda_blast_fpga ;
+------------------------------------+----------------------------------+---------------+-------------+----------------+


+-----------------------------------------------------------------------------------------------------------------------------+
; Flow Elapsed Time                                                                                                           ;
+-------------------------+--------------+-------------------------+---------------------+------------------------------------+
; Module Name             ; Elapsed Time ; Average Processors Used ; Peak Virtual Memory ; Total CPU Time (on all processors) ;
+-------------------------+--------------+-------------------------+---------------------+------------------------------------+
; Analysis & Synthesis    ; 00:00:04     ; 1.0                     ; 275 MB              ; 00:00:01                           ;
; Fitter                  ; 00:00:01     ; 1.0                     ; 277 MB              ; 00:00:01                           ;
; Assembler               ; 00:00:00     ; 1.0                     ; 259 MB              ; 00:00:00                           ;
; Classic Timing Analyzer ; 00:00:01     ; 1.0                     ; 228 MB              ; 00:00:00                           ;
; Total                   ; 00:00:06     ; --                      ; --                  ; 00:00:02                           ;
+-------------------------+--------------+-------------------------+---------------------+------------------------------------+


+------------------------------------------------------------------------------------------+
; Flow OS Summary                                                                          ;
+-------------------------+------------------+---------------+------------+----------------+
; Module Name             ; Machine Hostname ; OS Name       ; OS Version ; Processor type ;
+-------------------------+------------------+---------------+------------+----------------+
; Analysis & Synthesis    ; DCC05-B04        ; Windows Vista ; 6.2        ; x86_64         ;
; Fitter                  ; DCC05-B04        ; Windows Vista ; 6.2        ; x86_64         ;
; Assembler               ; DCC05-B04        ; Windows Vista ; 6.2        ; x86_64         ;
; Classic Timing Analyzer ; DCC05-B04        ; Windows Vista ; 6.2        ; x86_64         ;
+-------------------------+------------------+---------------+------------+----------------+


------------
; Flow Log ;
------------
quartus_map --read_settings_files=on --write_settings_files=off somador4Bits -c somador4Bits
quartus_fit --read_settings_files=off --write_settings_files=off somador4Bits -c somador4Bits
quartus_asm --read_settings_files=off --write_settings_files=off somador4Bits -c somador4Bits
quartus_tan --read_settings_files=off --write_settings_files=off somador4Bits -c somador4Bits



